#
# There is insufficient memory for the Java Runtime Environment to continue.
# Native memory allocation (malloc) failed to allocate 561456 bytes for Chunk::new
# Possible reasons:
#   The system is out of physical RAM or swap space
#   The process is running with CompressedOops enabled, and the Java Heap may be blocking the growth of the native heap
# Possible solutions:
#   Reduce memory load on the system
#   Increase physical memory or swap space
#   Check if swap backing store is full
#   Decrease Java heap size (-Xmx/-Xms)
#   Decrease number of Java threads
#   Decrease Java thread stack sizes (-Xss)
#   Set larger code cache with -XX:ReservedCodeCacheSize=
#   JVM is running with Unscaled Compressed Oops mode in which the Java heap is
#     placed in the first 4GB address space. The Java Heap base address is the
#     maximum limit for the native heap growth. Please use -XX:HeapBaseMinAddress
#     to set the Java Heap base and to place the Java Heap above 4GB virtual address.
# This output file may be truncated or incomplete.
#
#  Out of Memory Error (arena.cpp:189), pid=9140, tid=9064
#
# JRE version: OpenJDK Runtime Environment (17.0.6) (build 17.0.6+0-b2043.56-9586694)
# Java VM: OpenJDK 64-Bit Server VM (17.0.6+0-b2043.56-9586694, mixed mode, tiered, compressed oops, compressed class ptrs, g1 gc, windows-amd64)
# No core dump will be written. Minidumps are not enabled by default on client versions of Windows
#

---------------  S U M M A R Y ------------

Command Line: --add-opens=java.base/java.util=ALL-UNNAMED --add-opens=java.base/java.lang=ALL-UNNAMED --add-opens=java.base/java.lang.invoke=ALL-UNNAMED --add-opens=java.prefs/java.util.prefs=ALL-UNNAMED --add-opens=java.base/java.nio.charset=ALL-UNNAMED --add-opens=java.base/java.net=ALL-UNNAMED --add-opens=java.base/java.util.concurrent.atomic=ALL-UNNAMED -Xmx2048m -Dfile.encoding=UTF-8 -Duser.country=ID -Duser.language=en -Duser.variant org.gradle.launcher.daemon.bootstrap.GradleDaemon 8.0

Host: 11th Gen Intel(R) Core(TM) i5-1135G7 @ 2.40GHz, 8 cores, 3G,  Windows 11 , 64 bit Build 22000 (10.0.22000.1880)
Time: Tue Mar 12 20:48:19 2024 Tokyo Standard Time elapsed time: 157.055350 seconds (0d 0h 2m 37s)

---------------  T H R E A D  ---------------

Current thread (0x00000273abc04c60):  JavaThread "C2 CompilerThread0" daemon [_thread_in_native, id=9064, stack(0x000000ba22300000,0x000000ba22400000)]


Current CompileTask:
C2: 157055 11829       4       com.android.tools.r8.utils.t0::e (297 bytes)

Stack: [0x000000ba22300000,0x000000ba22400000]
Native frames: (J=compiled Java code, j=interpreted, Vv=VM code, C=native code)
V  [jvm.dll+0x683b4a]
V  [jvm.dll+0x842654]
V  [jvm.dll+0x843dfe]
V  [jvm.dll+0x844463]
V  [jvm.dll+0x249b75]
V  [jvm.dll+0xabcac]
V  [jvm.dll+0xac27c]
V  [jvm.dll+0x368802]
V  [jvm.dll+0x332f31]
V  [jvm.dll+0x3323da]
V  [jvm.dll+0x21c201]
V  [jvm.dll+0x21b621]
V  [jvm.dll+0x1a4fdd]
V  [jvm.dll+0x22b098]
V  [jvm.dll+0x229159]
V  [jvm.dll+0x7f809c]
V  [jvm.dll+0x7f25fa]
V  [jvm.dll+0x682985]
C  [ucrtbase.dll+0x26c0c]
C  [KERNEL32.DLL+0x155a0]
C  [ntdll.dll+0x485b]


---------------  P R O C E S S  ---------------

Threads class SMR info:
_java_thread_list=0x00000273b36e18b0, length=134, elements={
0x000002738f2cbd20, 0x00000273ab09aac0, 0x00000273ab09b580, 0x00000273ab0e54d0,
0x00000273ab0e81a0, 0x00000273ab0e8a60, 0x00000273ab0e9320, 0x00000273abc04c60,
0x00000273abc07d10, 0x00000273abc08610, 0x00000273abda3710, 0x00000273abda3ff0,
0x00000273aca14e40, 0x00000273ae1d6690, 0x00000273aca14020, 0x00000273aeb22590,
0x00000273ac952520, 0x00000273ac1fa7c0, 0x00000273ae59a030, 0x00000273abfe2440,
0x00000273abfe45f0, 0x00000273abfe2910, 0x00000273abfe3780, 0x00000273abfe4120,
0x00000273abfe4ac0, 0x00000273abfe32b0, 0x00000273abfe4f90, 0x00000273abfe5460,
0x00000273abfe5930, 0x00000273abfe2de0, 0x00000273ae7ea410, 0x00000273ae7e3f00,
0x00000273ae7e43d0, 0x00000273ae7e95a0, 0x00000273ae7e6a50, 0x00000273ae7e73f0,
0x00000273ae7eadb0, 0x00000273ae7eb280, 0x00000273ae7e5be0, 0x00000273ae7e6f20,
0x00000273ae7e78c0, 0x00000273ae7eb750, 0x00000273ae7e48a0, 0x00000273ae7e90d0,
0x00000273ae7e7d90, 0x00000273ae7e8260, 0x00000273ae7e8730, 0x00000273ae7e4d70,
0x00000273ae7e8c00, 0x00000273ae7e9a70, 0x00000273ae7e9f40, 0x00000273ae7e5240,
0x00000273ae170a10, 0x00000273ae16f6d0, 0x00000273ae171d50, 0x00000273ae16c6b0,
0x00000273ae16cb80, 0x00000273ae16e390, 0x00000273ae172220, 0x00000273ae16d520,
0x00000273ae1726f0, 0x00000273ae173090, 0x00000273ae16dec0, 0x00000273ae172bc0,
0x00000273ae170ee0, 0x00000273ae173560, 0x00000273ae173a30, 0x00000273ae16fba0,
0x00000273ae171880, 0x00000273ae16e860, 0x00000273ae16ed30, 0x00000273ae16c1e0,
0x00000273ae16d050, 0x00000273ae16d9f0, 0x00000273ae16f200, 0x00000273ae170070,
0x00000273ae170540, 0x00000273ae1713b0, 0x00000273ae641b80, 0x00000273ae647220,
0x00000273ae646d50, 0x00000273ae648a30, 0x00000273ae645540, 0x00000273ae647bc0,
0x00000273ae644ba0, 0x00000273ae648f00, 0x00000273ae6476f0, 0x00000273ae645a10,
0x00000273ae646880, 0x00000273ae648560, 0x00000273ae643860, 0x00000273ae648090,
0x00000273ae644200, 0x00000273ae6429f0, 0x00000273ae645070, 0x00000273ae6493d0,
0x00000273ae642050, 0x00000273ae642520, 0x00000273ae642ec0, 0x00000273ae643390,
0x00000273ae643d30, 0x00000273ae6446d0, 0x00000273ae645ee0, 0x00000273ae6463b0,
0x00000273ae709c20, 0x00000273ae70b430, 0x00000273ae70aa90, 0x00000273ae70b900,
0x00000273ae70af60, 0x00000273ae70bdd0, 0x00000273ae70c770, 0x00000273ae70c2a0,
0x00000273ae70cc40, 0x00000273ae70d110, 0x00000273ae70a5c0, 0x00000273ae709750,
0x00000273ae70a0f0, 0x00000273aec309a0, 0x00000273aec321b0, 0x00000273aec2ae30,
0x00000273aec2bca0, 0x00000273aec2c640, 0x00000273aec2e320, 0x00000273aec2a960,
0x00000273aec2f190, 0x00000273aec2cb10, 0x00000273aec30e70, 0x00000273aec30000,
0x00000273aec2cfe0, 0x00000273aec31ce0, 0x00000273aec2fb30, 0x00000273aec2d4b0,
0x00000273aec2d980, 0x00000273aec2de50
}

Java Threads: ( => current thread )
  0x000002738f2cbd20 JavaThread "main" [_thread_blocked, id=8396, stack(0x000000ba21600000,0x000000ba21700000)]
  0x00000273ab09aac0 JavaThread "Reference Handler" daemon [_thread_blocked, id=11712, stack(0x000000ba21d00000,0x000000ba21e00000)]
  0x00000273ab09b580 JavaThread "Finalizer" daemon [_thread_blocked, id=11416, stack(0x000000ba21e00000,0x000000ba21f00000)]
  0x00000273ab0e54d0 JavaThread "Signal Dispatcher" daemon [_thread_blocked, id=1740, stack(0x000000ba21f00000,0x000000ba22000000)]
  0x00000273ab0e81a0 JavaThread "Attach Listener" daemon [_thread_blocked, id=8816, stack(0x000000ba22000000,0x000000ba22100000)]
  0x00000273ab0e8a60 JavaThread "Service Thread" daemon [_thread_blocked, id=2352, stack(0x000000ba22100000,0x000000ba22200000)]
  0x00000273ab0e9320 JavaThread "Monitor Deflation Thread" daemon [_thread_blocked, id=10908, stack(0x000000ba22200000,0x000000ba22300000)]
=>0x00000273abc04c60 JavaThread "C2 CompilerThread0" daemon [_thread_in_native, id=9064, stack(0x000000ba22300000,0x000000ba22400000)]
  0x00000273abc07d10 JavaThread "C1 CompilerThread0" daemon [_thread_in_vm, id=9412, stack(0x000000ba22400000,0x000000ba22500000)]
  0x00000273abc08610 JavaThread "Sweeper thread" daemon [_thread_blocked, id=11620, stack(0x000000ba22500000,0x000000ba22600000)]
  0x00000273abda3710 JavaThread "Common-Cleaner" daemon [_thread_blocked, id=11588, stack(0x000000ba22600000,0x000000ba22700000)]
  0x00000273abda3ff0 JavaThread "Notification Thread" daemon [_thread_blocked, id=10216, stack(0x000000ba22700000,0x000000ba22800000)]
  0x00000273aca14e40 JavaThread "Daemon health stats" [_thread_blocked, id=2076, stack(0x000000ba22d00000,0x000000ba22e00000)]
  0x00000273ae1d6690 JavaThread "Incoming local TCP Connector on port 2875" [_thread_in_native, id=11836, stack(0x000000ba23100000,0x000000ba23200000)]
  0x00000273aca14020 JavaThread "Daemon periodic checks" [_thread_blocked, id=9220, stack(0x000000ba23200000,0x000000ba23300000)]
  0x00000273aeb22590 JavaThread "Daemon" [_thread_blocked, id=2140, stack(0x000000ba23300000,0x000000ba23400000)]
  0x00000273ac952520 JavaThread "Handler for socket connection from /127.0.0.1:2875 to /127.0.0.1:2877" [_thread_in_native, id=12168, stack(0x000000ba23400000,0x000000ba23500000)]
  0x00000273ac1fa7c0 JavaThread "Cancel handler" [_thread_blocked, id=11932, stack(0x000000ba23500000,0x000000ba23600000)]
  0x00000273ae59a030 JavaThread "Daemon worker" [_thread_blocked, id=4592, stack(0x000000ba23600000,0x000000ba23700000)]
  0x00000273abfe2440 JavaThread "Asynchronous log dispatcher for DefaultDaemonConnection: socket connection from /127.0.0.1:2875 to /127.0.0.1:2877" [_thread_blocked, id=8576, stack(0x000000ba23700000,0x000000ba23800000)]
  0x00000273abfe45f0 JavaThread "Daemon client event forwarder" [_thread_blocked, id=10548, stack(0x000000ba23900000,0x000000ba23a00000)]
  0x00000273abfe2910 JavaThread "Cache worker for journal cache (C:\Users\IMANUEL SEPTIA PUTRA\.gradle\caches\journal-1)" [_thread_blocked, id=10256, stack(0x000000ba23b00000,0x000000ba23c00000)]
  0x00000273abfe3780 JavaThread "File lock request listener" [_thread_in_native, id=1736, stack(0x000000ba23c00000,0x000000ba23d00000)]
  0x00000273abfe4120 JavaThread "Cache worker for file hash cache (C:\Users\IMANUEL SEPTIA PUTRA\.gradle\caches\8.0\fileHashes)" [_thread_blocked, id=4020, stack(0x000000ba23d00000,0x000000ba23e00000)]
  0x00000273abfe4ac0 JavaThread "File watcher server" daemon [_thread_in_native, id=12068, stack(0x000000ba23e00000,0x000000ba23f00000)]
  0x00000273abfe32b0 JavaThread "File watcher consumer" daemon [_thread_blocked, id=3184, stack(0x000000ba23f00000,0x000000ba24000000)]
  0x00000273abfe4f90 JavaThread "Cache worker for checksums cache (E:\Android Project\Praktek\Login\.gradle\8.0\checksums)" [_thread_blocked, id=1152, stack(0x000000ba24000000,0x000000ba24100000)]
  0x00000273abfe5460 JavaThread "Cache worker for cache directory md-rule (C:\Users\IMANUEL SEPTIA PUTRA\.gradle\caches\8.0\md-rule)" [_thread_blocked, id=11236, stack(0x000000ba24100000,0x000000ba24200000)]
  0x00000273abfe5930 JavaThread "Cache worker for file content cache (C:\Users\IMANUEL SEPTIA PUTRA\.gradle\caches\8.0\fileContent)" [_thread_blocked, id=2920, stack(0x000000ba24200000,0x000000ba24300000)]
  0x00000273abfe2de0 JavaThread "Cache worker for file hash cache (E:\Android Project\Praktek\Login\.gradle\8.0\fileHashes)" [_thread_blocked, id=8036, stack(0x000000ba24300000,0x000000ba24400000)]
  0x00000273ae7ea410 JavaThread "Cache worker for cache directory md-supplier (C:\Users\IMANUEL SEPTIA PUTRA\.gradle\caches\8.0\md-supplier)" [_thread_blocked, id=11512, stack(0x000000ba24400000,0x000000ba24500000)]
  0x00000273ae7e3f00 JavaThread "Cache worker for execution history cache (C:\Users\IMANUEL SEPTIA PUTRA\.gradle\caches\8.0\executionHistory)" [_thread_blocked, id=8748, stack(0x000000ba24500000,0x000000ba24600000)]
  0x00000273ae7e43d0 JavaThread "jar transforms" [_thread_blocked, id=2016, stack(0x000000ba24600000,0x000000ba24700000)]
  0x00000273ae7e95a0 JavaThread "jar transforms Thread 2" [_thread_blocked, id=10604, stack(0x000000ba24700000,0x000000ba24800000)]
  0x00000273ae7e6a50 JavaThread "jar transforms Thread 3" [_thread_blocked, id=5844, stack(0x000000ba24800000,0x000000ba24900000)]
  0x00000273ae7e73f0 JavaThread "jar transforms Thread 4" [_thread_blocked, id=11060, stack(0x000000ba24900000,0x000000ba24a00000)]
  0x00000273ae7eadb0 JavaThread "Cache worker for dependencies-accessors (E:\Android Project\Praktek\Login\.gradle\8.0\dependencies-accessors)" [_thread_blocked, id=8096, stack(0x000000ba24a00000,0x000000ba24b00000)]
  0x00000273ae7eb280 JavaThread "jar transforms Thread 5" [_thread_blocked, id=5596, stack(0x000000ba24b00000,0x000000ba24c00000)]
  0x00000273ae7e5be0 JavaThread "Cache worker for Build Output Cleanup Cache (E:\Android Project\Praktek\Login\.gradle\buildOutputCleanup)" [_thread_blocked, id=11368, stack(0x000000ba21300000,0x000000ba21400000)]
  0x00000273ae7e6f20 JavaThread "Unconstrained build operations" [_thread_blocked, id=7276, stack(0x000000ba21400000,0x000000ba21500000)]
  0x00000273ae7e78c0 JavaThread "Unconstrained build operations Thread 2" [_thread_blocked, id=8984, stack(0x000000ba21500000,0x000000ba21600000)]
  0x00000273ae7eb750 JavaThread "Unconstrained build operations Thread 3" [_thread_blocked, id=3988, stack(0x000000ba24e00000,0x000000ba24f00000)]
  0x00000273ae7e48a0 JavaThread "Unconstrained build operations Thread 4" [_thread_blocked, id=11656, stack(0x000000ba24f00000,0x000000ba25000000)]
  0x00000273ae7e90d0 JavaThread "Unconstrained build operations Thread 5" [_thread_blocked, id=11904, stack(0x000000ba25000000,0x000000ba25100000)]
  0x00000273ae7e7d90 JavaThread "Unconstrained build operations Thread 6" [_thread_blocked, id=9980, stack(0x000000ba25100000,0x000000ba25200000)]
  0x00000273ae7e8260 JavaThread "Unconstrained build operations Thread 7" [_thread_blocked, id=1116, stack(0x000000ba25200000,0x000000ba25300000)]
  0x00000273ae7e8730 JavaThread "Unconstrained build operations Thread 8" [_thread_blocked, id=9816, stack(0x000000ba25300000,0x000000ba25400000)]
  0x00000273ae7e4d70 JavaThread "Unconstrained build operations Thread 9" [_thread_blocked, id=3632, stack(0x000000ba25400000,0x000000ba25500000)]
  0x00000273ae7e8c00 JavaThread "Unconstrained build operations Thread 10" [_thread_blocked, id=10528, stack(0x000000ba25500000,0x000000ba25600000)]
  0x00000273ae7e9a70 JavaThread "Unconstrained build operations Thread 11" [_thread_blocked, id=11284, stack(0x000000ba25600000,0x000000ba25700000)]
  0x00000273ae7e9f40 JavaThread "Unconstrained build operations Thread 12" [_thread_blocked, id=7448, stack(0x000000ba25700000,0x000000ba25800000)]
  0x00000273ae7e5240 JavaThread "Unconstrained build operations Thread 13" [_thread_blocked, id=11436, stack(0x000000ba25800000,0x000000ba25900000)]
  0x00000273ae170a10 JavaThread "Unconstrained build operations Thread 14" [_thread_blocked, id=11968, stack(0x000000ba25900000,0x000000ba25a00000)]
  0x00000273ae16f6d0 JavaThread "Unconstrained build operations Thread 15" [_thread_blocked, id=10792, stack(0x000000ba25a00000,0x000000ba25b00000)]
  0x00000273ae171d50 JavaThread "Unconstrained build operations Thread 16" [_thread_blocked, id=1020, stack(0x000000ba25b00000,0x000000ba25c00000)]
  0x00000273ae16c6b0 JavaThread "Unconstrained build operations Thread 17" [_thread_blocked, id=1192, stack(0x000000ba25c00000,0x000000ba25d00000)]
  0x00000273ae16cb80 JavaThread "Unconstrained build operations Thread 18" [_thread_blocked, id=2456, stack(0x000000ba25d00000,0x000000ba25e00000)]
  0x00000273ae16e390 JavaThread "Unconstrained build operations Thread 19" [_thread_blocked, id=2896, stack(0x000000ba25e00000,0x000000ba25f00000)]
  0x00000273ae172220 JavaThread "Unconstrained build operations Thread 20" [_thread_blocked, id=11672, stack(0x000000ba25f00000,0x000000ba26000000)]
  0x00000273ae16d520 JavaThread "Unconstrained build operations Thread 21" [_thread_blocked, id=11256, stack(0x000000ba26000000,0x000000ba26100000)]
  0x00000273ae1726f0 JavaThread "Unconstrained build operations Thread 22" [_thread_blocked, id=2324, stack(0x000000ba26100000,0x000000ba26200000)]
  0x00000273ae173090 JavaThread "Unconstrained build operations Thread 23" [_thread_blocked, id=3552, stack(0x000000ba26200000,0x000000ba26300000)]
  0x00000273ae16dec0 JavaThread "Unconstrained build operations Thread 24" [_thread_blocked, id=1444, stack(0x000000ba26300000,0x000000ba26400000)]
  0x00000273ae172bc0 JavaThread "Unconstrained build operations Thread 25" [_thread_blocked, id=1668, stack(0x000000ba26400000,0x000000ba26500000)]
  0x00000273ae170ee0 JavaThread "Unconstrained build operations Thread 26" [_thread_blocked, id=11476, stack(0x000000ba26500000,0x000000ba26600000)]
  0x00000273ae173560 JavaThread "Unconstrained build operations Thread 27" [_thread_blocked, id=10748, stack(0x000000ba26600000,0x000000ba26700000)]
  0x00000273ae173a30 JavaThread "Unconstrained build operations Thread 28" [_thread_blocked, id=5268, stack(0x000000ba26700000,0x000000ba26800000)]
  0x00000273ae16fba0 JavaThread "Unconstrained build operations Thread 29" [_thread_blocked, id=3224, stack(0x000000ba26800000,0x000000ba26900000)]
  0x00000273ae171880 JavaThread "Unconstrained build operations Thread 30" [_thread_blocked, id=11472, stack(0x000000ba26900000,0x000000ba26a00000)]
  0x00000273ae16e860 JavaThread "Unconstrained build operations Thread 31" [_thread_blocked, id=9200, stack(0x000000ba26a00000,0x000000ba26b00000)]
  0x00000273ae16ed30 JavaThread "Unconstrained build operations Thread 32" [_thread_blocked, id=8848, stack(0x000000ba26b00000,0x000000ba26c00000)]
  0x00000273ae16c1e0 JavaThread "Unconstrained build operations Thread 33" [_thread_blocked, id=7548, stack(0x000000ba26c00000,0x000000ba26d00000)]
  0x00000273ae16d050 JavaThread "Unconstrained build operations Thread 34" [_thread_blocked, id=11520, stack(0x000000ba26d00000,0x000000ba26e00000)]
  0x00000273ae16d9f0 JavaThread "Unconstrained build operations Thread 35" [_thread_blocked, id=1188, stack(0x000000ba26e00000,0x000000ba26f00000)]
  0x00000273ae16f200 JavaThread "Unconstrained build operations Thread 36" [_thread_blocked, id=10508, stack(0x000000ba26f00000,0x000000ba27000000)]
  0x00000273ae170070 JavaThread "Unconstrained build operations Thread 37" [_thread_blocked, id=3692, stack(0x000000ba27000000,0x000000ba27100000)]
  0x00000273ae170540 JavaThread "Unconstrained build operations Thread 38" [_thread_blocked, id=9676, stack(0x000000ba27100000,0x000000ba27200000)]
  0x00000273ae1713b0 JavaThread "Unconstrained build operations Thread 39" [_thread_blocked, id=1196, stack(0x000000ba27200000,0x000000ba27300000)]
  0x00000273ae641b80 JavaThread "Unconstrained build operations Thread 40" [_thread_blocked, id=7904, stack(0x000000ba27300000,0x000000ba27400000)]
  0x00000273ae647220 JavaThread "Unconstrained build operations Thread 41" [_thread_blocked, id=7616, stack(0x000000ba27400000,0x000000ba27500000)]
  0x00000273ae646d50 JavaThread "Unconstrained build operations Thread 42" [_thread_blocked, id=4036, stack(0x000000ba27500000,0x000000ba27600000)]
  0x00000273ae648a30 JavaThread "Unconstrained build operations Thread 43" [_thread_blocked, id=9224, stack(0x000000ba27600000,0x000000ba27700000)]
  0x00000273ae645540 JavaThread "Unconstrained build operations Thread 44" [_thread_blocked, id=1592, stack(0x000000ba27700000,0x000000ba27800000)]
  0x00000273ae647bc0 JavaThread "Unconstrained build operations Thread 45" [_thread_blocked, id=11996, stack(0x000000ba27800000,0x000000ba27900000)]
  0x00000273ae644ba0 JavaThread "Unconstrained build operations Thread 46" [_thread_blocked, id=8904, stack(0x000000ba27900000,0x000000ba27a00000)]
  0x00000273ae648f00 JavaThread "Unconstrained build operations Thread 47" [_thread_blocked, id=9660, stack(0x000000ba27a00000,0x000000ba27b00000)]
  0x00000273ae6476f0 JavaThread "Unconstrained build operations Thread 48" [_thread_blocked, id=8936, stack(0x000000ba27b00000,0x000000ba27c00000)]
  0x00000273ae645a10 JavaThread "Unconstrained build operations Thread 49" [_thread_blocked, id=8084, stack(0x000000ba27c00000,0x000000ba27d00000)]
  0x00000273ae646880 JavaThread "Unconstrained build operations Thread 50" [_thread_blocked, id=1520, stack(0x000000ba27d00000,0x000000ba27e00000)]
  0x00000273ae648560 JavaThread "Unconstrained build operations Thread 51" [_thread_blocked, id=7300, stack(0x000000ba27e00000,0x000000ba27f00000)]
  0x00000273ae643860 JavaThread "Unconstrained build operations Thread 52" [_thread_blocked, id=1632, stack(0x000000ba27f00000,0x000000ba28000000)]
  0x00000273ae648090 JavaThread "Unconstrained build operations Thread 53" [_thread_blocked, id=6992, stack(0x000000ba28000000,0x000000ba28100000)]
  0x00000273ae644200 JavaThread "Unconstrained build operations Thread 54" [_thread_blocked, id=2288, stack(0x000000ba28100000,0x000000ba28200000)]
  0x00000273ae6429f0 JavaThread "Unconstrained build operations Thread 55" [_thread_blocked, id=8524, stack(0x000000ba28200000,0x000000ba28300000)]
  0x00000273ae645070 JavaThread "Unconstrained build operations Thread 56" [_thread_blocked, id=1860, stack(0x000000ba28300000,0x000000ba28400000)]
  0x00000273ae6493d0 JavaThread "Unconstrained build operations Thread 57" [_thread_blocked, id=10828, stack(0x000000ba28400000,0x000000ba28500000)]
  0x00000273ae642050 JavaThread "Unconstrained build operations Thread 58" [_thread_blocked, id=11840, stack(0x000000ba28500000,0x000000ba28600000)]
  0x00000273ae642520 JavaThread "Unconstrained build operations Thread 59" [_thread_blocked, id=11488, stack(0x000000ba28600000,0x000000ba28700000)]
  0x00000273ae642ec0 JavaThread "Unconstrained build operations Thread 60" [_thread_blocked, id=4708, stack(0x000000ba28700000,0x000000ba28800000)]
  0x00000273ae643390 JavaThread "Unconstrained build operations Thread 61" [_thread_blocked, id=3420, stack(0x000000ba28800000,0x000000ba28900000)]
  0x00000273ae643d30 JavaThread "Unconstrained build operations Thread 62" [_thread_blocked, id=5588, stack(0x000000ba28900000,0x000000ba28a00000)]
  0x00000273ae6446d0 JavaThread "Unconstrained build operations Thread 63" [_thread_blocked, id=9868, stack(0x000000ba28a00000,0x000000ba28b00000)]
  0x00000273ae645ee0 JavaThread "Unconstrained build operations Thread 64" [_thread_blocked, id=32, stack(0x000000ba28b00000,0x000000ba28c00000)]
  0x00000273ae6463b0 JavaThread "Unconstrained build operations Thread 65" [_thread_blocked, id=11640, stack(0x000000ba28c00000,0x000000ba28d00000)]
  0x00000273ae709c20 JavaThread "Unconstrained build operations Thread 66" [_thread_blocked, id=5692, stack(0x000000ba28d00000,0x000000ba28e00000)]
  0x00000273ae70b430 JavaThread "Unconstrained build operations Thread 67" [_thread_blocked, id=4844, stack(0x000000ba28e00000,0x000000ba28f00000)]
  0x00000273ae70aa90 JavaThread "Unconstrained build operations Thread 68" [_thread_in_vm, id=10664, stack(0x000000ba28f00000,0x000000ba29000000)]
  0x00000273ae70b900 JavaThread "Unconstrained build operations Thread 69" [_thread_blocked, id=11896, stack(0x000000ba29000000,0x000000ba29100000)]
  0x00000273ae70af60 JavaThread "Unconstrained build operations Thread 70" [_thread_blocked, id=1812, stack(0x000000ba29100000,0x000000ba29200000)]
  0x00000273ae70bdd0 JavaThread "Unconstrained build operations Thread 71" [_thread_blocked, id=8584, stack(0x000000ba29200000,0x000000ba29300000)]
  0x00000273ae70c770 JavaThread "Unconstrained build operations Thread 72" [_thread_blocked, id=8092, stack(0x000000ba29300000,0x000000ba29400000)]
  0x00000273ae70c2a0 JavaThread "Unconstrained build operations Thread 73" [_thread_blocked, id=2064, stack(0x000000ba29400000,0x000000ba29500000)]
  0x00000273ae70cc40 JavaThread "Unconstrained build operations Thread 74" [_thread_blocked, id=7396, stack(0x000000ba29500000,0x000000ba29600000)]
  0x00000273ae70d110 JavaThread "Unconstrained build operations Thread 75" [_thread_blocked, id=12096, stack(0x000000ba29600000,0x000000ba29700000)]
  0x00000273ae70a5c0 JavaThread "Unconstrained build operations Thread 76" [_thread_blocked, id=11220, stack(0x000000ba29700000,0x000000ba29800000)]
  0x00000273ae709750 JavaThread "Unconstrained build operations Thread 77" [_thread_blocked, id=9156, stack(0x000000ba29800000,0x000000ba29900000)]
  0x00000273ae70a0f0 JavaThread "Unconstrained build operations Thread 78" [_thread_blocked, id=11324, stack(0x000000ba29900000,0x000000ba29a00000)]
  0x00000273aec309a0 JavaThread "Unconstrained build operations Thread 79" [_thread_blocked, id=10596, stack(0x000000ba29a00000,0x000000ba29b00000)]
  0x00000273aec321b0 JavaThread "Unconstrained build operations Thread 80" [_thread_blocked, id=6516, stack(0x000000ba29b00000,0x000000ba29c00000)]
  0x00000273aec2ae30 JavaThread "jar transforms Thread 6" [_thread_blocked, id=12140, stack(0x000000ba29c00000,0x000000ba29d00000)]
  0x00000273aec2bca0 JavaThread "jar transforms Thread 7" [_thread_blocked, id=11180, stack(0x000000ba29d00000,0x000000ba29e00000)]
  0x00000273aec2c640 JavaThread "jar transforms Thread 8" [_thread_blocked, id=11116, stack(0x000000ba29e00000,0x000000ba29f00000)]
  0x00000273aec2e320 JavaThread "build event listener" [_thread_blocked, id=8708, stack(0x000000ba23800000,0x000000ba23900000)]
  0x00000273aec2a960 JavaThread "Memory manager" [_thread_blocked, id=11912, stack(0x000000ba29f00000,0x000000ba2a000000)]
  0x00000273aec2f190 JavaThread "included builds" [_thread_blocked, id=1840, stack(0x000000ba2a000000,0x000000ba2a100000)]
  0x00000273aec2cb10 JavaThread "Execution worker" [_thread_blocked, id=11772, stack(0x000000ba2a100000,0x000000ba2a200000)]
  0x00000273aec30e70 JavaThread "Execution worker Thread 2" [_thread_blocked, id=9408, stack(0x000000ba2a200000,0x000000ba2a300000)]
  0x00000273aec30000 JavaThread "Execution worker Thread 3" [_thread_blocked, id=11856, stack(0x000000ba2a300000,0x000000ba2a400000)]
  0x00000273aec2cfe0 JavaThread "Execution worker Thread 4" [_thread_blocked, id=1356, stack(0x000000ba2a400000,0x000000ba2a500000)]
  0x00000273aec31ce0 JavaThread "Execution worker Thread 5" [_thread_blocked, id=1364, stack(0x000000ba2a500000,0x000000ba2a600000)]
  0x00000273aec2fb30 JavaThread "Execution worker Thread 6" [_thread_blocked, id=1896, stack(0x000000ba2a600000,0x000000ba2a700000)]
  0x00000273aec2d4b0 JavaThread "Execution worker Thread 7" [_thread_blocked, id=11680, stack(0x000000ba2a700000,0x000000ba2a800000)]
  0x00000273aec2d980 JavaThread "Cache worker for execution history cache (E:\Android Project\Praktek\Login\.gradle\8.0\executionHistory)" [_thread_blocked, id=8540, stack(0x000000ba2a800000,0x000000ba2a900000)]
  0x00000273aec2de50 JavaThread "WorkerExecutor Queue" [_thread_blocked, id=10964, stack(0x000000ba24c00000,0x000000ba24d00000)]

Other Threads:
  0x00000273ab095950 VMThread "VM Thread" [stack: 0x000000ba21c00000,0x000000ba21d00000] [id=11016] _threads_hazard_ptr=0x00000273b36e18b0
  0x00000273abdb46b0 WatcherThread [stack: 0x000000ba22800000,0x000000ba22900000] [id=10344]
  0x000002738f329ee0 GCTaskThread "GC Thread#0" [stack: 0x000000ba21700000,0x000000ba21800000] [id=8516]
  0x00000273acb93990 GCTaskThread "GC Thread#1" [stack: 0x000000ba22900000,0x000000ba22a00000] [id=7820]
  0x00000273abe0d770 GCTaskThread "GC Thread#2" [stack: 0x000000ba22a00000,0x000000ba22b00000] [id=9556]
  0x00000273ac057c70 GCTaskThread "GC Thread#3" [stack: 0x000000ba22b00000,0x000000ba22c00000] [id=9536]
  0x00000273abf186b0 GCTaskThread "GC Thread#4" [stack: 0x000000ba22c00000,0x000000ba22d00000] [id=11612]
  0x00000273ad56c2f0 GCTaskThread "GC Thread#5" [stack: 0x000000ba22e00000,0x000000ba22f00000] [id=12236]
  0x00000273ae056100 GCTaskThread "GC Thread#6" [stack: 0x000000ba22f00000,0x000000ba23000000] [id=10880]
  0x00000273ad27c6a0 GCTaskThread "GC Thread#7" [stack: 0x000000ba23000000,0x000000ba23100000] [id=8116]
  0x000002738f33b630 ConcurrentGCThread "G1 Main Marker" [stack: 0x000000ba21800000,0x000000ba21900000] [id=6936]
  0x000002738f33bf50 ConcurrentGCThread "G1 Conc#0" [stack: 0x000000ba21900000,0x000000ba21a00000] [id=9792]
  0x00000273aec13d50 ConcurrentGCThread "G1 Conc#1" [stack: 0x000000ba23a00000,0x000000ba23b00000] [id=4444]
  0x000002738f39d430 ConcurrentGCThread "G1 Refine#0" [stack: 0x000000ba21a00000,0x000000ba21b00000] [id=4260]
  0x000002738f39dc00 ConcurrentGCThread "G1 Service" [stack: 0x000000ba21b00000,0x000000ba21c00000] [id=2056]

Threads with active compile tasks:
C2 CompilerThread0   163565 11829       4       com.android.tools.r8.utils.t0::e (297 bytes)
C1 CompilerThread0   163565 11989       2       com.google.common.util.concurrent.AbstractFuture::complete (122 bytes)

VM state: synchronizing (normal execution)

VM Mutex/Monitor currently owned by a thread:  ([mutex/lock_event])
[0x000002738f167120] Metaspace_lock - owner thread: 0x00000273abc07d10
[0x000002738f2c8390] Threads_lock - owner thread: 0x00000273ab095950
[0x000002738f2c6da0] MethodData_lock - owner thread: 0x00000273abc07d10

Heap address: 0x0000000080000000, size: 2048 MB, Compressed Oops mode: 32-bit

CDS archive(s) not mapped
Compressed class space mapped at: 0x0000000100000000-0x0000000140000000, reserved size: 1073741824
Narrow klass base: 0x0000000000000000, Narrow klass shift: 3, Narrow klass range: 0x140000000

GC Precious Log:
 CPUs: 8 total, 8 available
 Memory: 3875M
 Large Page Support: Disabled
 NUMA Support: Disabled
 Compressed Oops: Enabled (32-bit)
 Heap Region Size: 1M
 Heap Min Capacity: 8M
 Heap Initial Capacity: 62M
 Heap Max Capacity: 2G
 Pre-touch: Disabled
 Parallel Workers: 8
 Concurrent Workers: 2
 Concurrent Refinement Workers: 8
 Periodic GC: Disabled

Heap:
 garbage-first heap   total 173056K, used 140051K [0x0000000080000000, 0x0000000100000000)
  region size 1024K, 33 young (33792K), 1 survivors (1024K)
 Metaspace       used 100300K, committed 100928K, reserved 1138688K
  class space    used 13669K, committed 13952K, reserved 1048576K

Heap Regions: E=young(eden), S=young(survivor), O=old, HS=humongous(starts), HC=humongous(continues), CS=collection set, F=free, OA=open archive, CA=closed archive, TAMS=top-at-mark-start (previous, next)
|   0|0x0000000080000000, 0x0000000080100000, 0x0000000080100000|100%|HS|  |TAMS 0x0000000080100000, 0x0000000080000000| Complete 
|   1|0x0000000080100000, 0x0000000080200000, 0x0000000080200000|100%|HC|  |TAMS 0x0000000080200000, 0x0000000080100000| Complete 
|   2|0x0000000080200000, 0x0000000080300000, 0x0000000080300000|100%|HC|  |TAMS 0x0000000080300000, 0x0000000080200000| Complete 
|   3|0x0000000080300000, 0x0000000080400000, 0x0000000080400000|100%|HC|  |TAMS 0x0000000080400000, 0x0000000080300000| Complete 
|   4|0x0000000080400000, 0x0000000080500000, 0x0000000080500000|100%| O|  |TAMS 0x0000000080500000, 0x0000000080400000| Untracked 
|   5|0x0000000080500000, 0x0000000080600000, 0x0000000080600000|100%| O|  |TAMS 0x0000000080600000, 0x0000000080500000| Untracked 
|   6|0x0000000080600000, 0x0000000080700000, 0x0000000080700000|100%| O|  |TAMS 0x0000000080700000, 0x0000000080600000| Untracked 
|   7|0x0000000080700000, 0x0000000080800000, 0x0000000080800000|100%| O|  |TAMS 0x0000000080800000, 0x0000000080700000| Untracked 
|   8|0x0000000080800000, 0x0000000080900000, 0x0000000080900000|100%| O|  |TAMS 0x0000000080900000, 0x0000000080800000| Untracked 
|   9|0x0000000080900000, 0x0000000080a00000, 0x0000000080a00000|100%| O|  |TAMS 0x0000000080a00000, 0x0000000080900000| Untracked 
|  10|0x0000000080a00000, 0x0000000080b00000, 0x0000000080b00000|100%| O|  |TAMS 0x0000000080b00000, 0x0000000080a00000| Untracked 
|  11|0x0000000080b00000, 0x0000000080c00000, 0x0000000080c00000|100%| O|  |TAMS 0x0000000080c00000, 0x0000000080b00000| Untracked 
|  12|0x0000000080c00000, 0x0000000080d00000, 0x0000000080d00000|100%| O|  |TAMS 0x0000000080d00000, 0x0000000080c00000| Untracked 
|  13|0x0000000080d00000, 0x0000000080e00000, 0x0000000080e00000|100%| O|  |TAMS 0x0000000080e00000, 0x0000000080d00000| Untracked 
|  14|0x0000000080e00000, 0x0000000080f00000, 0x0000000080f00000|100%| O|  |TAMS 0x0000000080f00000, 0x0000000080e00000| Untracked 
|  15|0x0000000080f00000, 0x0000000081000000, 0x0000000081000000|100%| O|  |TAMS 0x0000000081000000, 0x0000000080f00000| Untracked 
|  16|0x0000000081000000, 0x0000000081100000, 0x0000000081100000|100%|HS|  |TAMS 0x0000000081100000, 0x0000000081000000| Complete 
|  17|0x0000000081100000, 0x0000000081200000, 0x0000000081200000|100%| O|  |TAMS 0x0000000081200000, 0x0000000081100000| Untracked 
|  18|0x0000000081200000, 0x0000000081300000, 0x0000000081300000|100%| O|  |TAMS 0x0000000081300000, 0x0000000081200000| Untracked 
|  19|0x0000000081300000, 0x0000000081400000, 0x0000000081400000|100%| O|  |TAMS 0x0000000081400000, 0x0000000081300000| Untracked 
|  20|0x0000000081400000, 0x0000000081500000, 0x0000000081500000|100%| O|  |TAMS 0x0000000081500000, 0x0000000081400000| Untracked 
|  21|0x0000000081500000, 0x0000000081600000, 0x0000000081600000|100%| O|  |TAMS 0x0000000081600000, 0x0000000081500000| Untracked 
|  22|0x0000000081600000, 0x0000000081700000, 0x0000000081700000|100%| O|  |TAMS 0x0000000081700000, 0x0000000081600000| Untracked 
|  23|0x0000000081700000, 0x0000000081800000, 0x0000000081800000|100%| O|  |TAMS 0x0000000081800000, 0x0000000081700000| Untracked 
|  24|0x0000000081800000, 0x0000000081900000, 0x0000000081900000|100%| O|  |TAMS 0x0000000081900000, 0x0000000081800000| Untracked 
|  25|0x0000000081900000, 0x0000000081a00000, 0x0000000081a00000|100%| O|  |TAMS 0x0000000081a00000, 0x0000000081900000| Untracked 
|  26|0x0000000081a00000, 0x0000000081b00000, 0x0000000081b00000|100%| O|  |TAMS 0x0000000081b00000, 0x0000000081a00000| Untracked 
|  27|0x0000000081b00000, 0x0000000081c00000, 0x0000000081c00000|100%| O|  |TAMS 0x0000000081c00000, 0x0000000081b00000| Untracked 
|  28|0x0000000081c00000, 0x0000000081d00000, 0x0000000081d00000|100%|HS|  |TAMS 0x0000000081d00000, 0x0000000081c00000| Complete 
|  29|0x0000000081d00000, 0x0000000081e00000, 0x0000000081e00000|100%|HS|  |TAMS 0x0000000081e00000, 0x0000000081d00000| Complete 
|  30|0x0000000081e00000, 0x0000000081f00000, 0x0000000081f00000|100%|HS|  |TAMS 0x0000000081f00000, 0x0000000081e00000| Complete 
|  31|0x0000000081f00000, 0x0000000082000000, 0x0000000082000000|100%|HC|  |TAMS 0x0000000082000000, 0x0000000081f00000| Complete 
|  32|0x0000000082000000, 0x0000000082100000, 0x0000000082100000|100%|HC|  |TAMS 0x0000000082100000, 0x0000000082000000| Complete 
|  33|0x0000000082100000, 0x0000000082200000, 0x0000000082200000|100%| O|  |TAMS 0x0000000082200000, 0x0000000082100000| Untracked 
|  34|0x0000000082200000, 0x0000000082300000, 0x0000000082300000|100%| O|  |TAMS 0x0000000082300000, 0x0000000082200000| Untracked 
|  35|0x0000000082300000, 0x0000000082400000, 0x0000000082400000|100%| O|  |TAMS 0x0000000082400000, 0x0000000082300000| Untracked 
|  36|0x0000000082400000, 0x0000000082500000, 0x0000000082500000|100%| O|  |TAMS 0x0000000082500000, 0x0000000082400000| Untracked 
|  37|0x0000000082500000, 0x0000000082600000, 0x0000000082600000|100%| O|  |TAMS 0x0000000082600000, 0x0000000082500000| Untracked 
|  38|0x0000000082600000, 0x0000000082700000, 0x0000000082700000|100%| O|  |TAMS 0x0000000082700000, 0x0000000082600000| Untracked 
|  39|0x0000000082700000, 0x0000000082800000, 0x0000000082800000|100%| O|  |TAMS 0x0000000082800000, 0x0000000082700000| Untracked 
|  40|0x0000000082800000, 0x0000000082900000, 0x0000000082900000|100%| O|  |TAMS 0x0000000082900000, 0x0000000082800000| Untracked 
|  41|0x0000000082900000, 0x0000000082a00000, 0x0000000082a00000|100%| O|  |TAMS 0x0000000082a00000, 0x0000000082900000| Untracked 
|  42|0x0000000082a00000, 0x0000000082b00000, 0x0000000082b00000|100%| O|  |TAMS 0x0000000082b00000, 0x0000000082a00000| Untracked 
|  43|0x0000000082b00000, 0x0000000082c00000, 0x0000000082c00000|100%| O|  |TAMS 0x0000000082c00000, 0x0000000082b00000| Untracked 
|  44|0x0000000082c00000, 0x0000000082d00000, 0x0000000082d00000|100%| O|  |TAMS 0x0000000082d00000, 0x0000000082c00000| Untracked 
|  45|0x0000000082d00000, 0x0000000082e00000, 0x0000000082e00000|100%| O|  |TAMS 0x0000000082e00000, 0x0000000082d00000| Untracked 
|  46|0x0000000082e00000, 0x0000000082f00000, 0x0000000082f00000|100%| O|  |TAMS 0x0000000082f00000, 0x0000000082e00000| Untracked 
|  47|0x0000000082f00000, 0x0000000083000000, 0x0000000083000000|100%| O|  |TAMS 0x0000000083000000, 0x0000000082f00000| Untracked 
|  48|0x0000000083000000, 0x0000000083100000, 0x0000000083100000|100%| O|  |TAMS 0x0000000083100000, 0x0000000083000000| Untracked 
|  49|0x0000000083100000, 0x0000000083200000, 0x0000000083200000|100%| O|  |TAMS 0x0000000083200000, 0x0000000083100000| Untracked 
|  50|0x0000000083200000, 0x0000000083300000, 0x0000000083300000|100%| O|  |TAMS 0x0000000083300000, 0x0000000083200000| Untracked 
|  51|0x0000000083300000, 0x0000000083400000, 0x0000000083400000|100%| O|  |TAMS 0x0000000083400000, 0x0000000083300000| Untracked 
|  52|0x0000000083400000, 0x0000000083500000, 0x0000000083500000|100%| O|  |TAMS 0x0000000083500000, 0x0000000083400000| Untracked 
|  53|0x0000000083500000, 0x0000000083600000, 0x0000000083600000|100%| O|  |TAMS 0x0000000083600000, 0x0000000083500000| Untracked 
|  54|0x0000000083600000, 0x0000000083700000, 0x0000000083700000|100%| O|  |TAMS 0x0000000083700000, 0x0000000083600000| Untracked 
|  55|0x0000000083700000, 0x0000000083800000, 0x0000000083800000|100%| O|  |TAMS 0x0000000083800000, 0x0000000083700000| Untracked 
|  56|0x0000000083800000, 0x0000000083900000, 0x0000000083900000|100%| O|  |TAMS 0x0000000083800000, 0x0000000083800000| Untracked 
|  57|0x0000000083900000, 0x0000000083a00000, 0x0000000083a00000|100%| O|  |TAMS 0x0000000083a00000, 0x0000000083900000| Untracked 
|  58|0x0000000083a00000, 0x0000000083b00000, 0x0000000083b00000|100%| O|  |TAMS 0x0000000083b00000, 0x0000000083a00000| Untracked 
|  59|0x0000000083b00000, 0x0000000083c00000, 0x0000000083c00000|100%| O|  |TAMS 0x0000000083c00000, 0x0000000083b00000| Untracked 
|  60|0x0000000083c00000, 0x0000000083d00000, 0x0000000083d00000|100%| O|  |TAMS 0x0000000083d00000, 0x0000000083c00000| Untracked 
|  61|0x0000000083d00000, 0x0000000083e00000, 0x0000000083e00000|100%| O|  |TAMS 0x0000000083e00000, 0x0000000083d00000| Untracked 
|  62|0x0000000083e00000, 0x0000000083f00000, 0x0000000083f00000|100%| O|  |TAMS 0x0000000083f00000, 0x0000000083e00000| Untracked 
|  63|0x0000000083f00000, 0x0000000084000000, 0x0000000084000000|100%| O|  |TAMS 0x0000000084000000, 0x0000000083f00000| Untracked 
|  64|0x0000000084000000, 0x0000000084100000, 0x0000000084100000|100%| O|  |TAMS 0x0000000084100000, 0x0000000084000000| Untracked 
|  65|0x0000000084100000, 0x0000000084200000, 0x0000000084200000|100%| O|  |TAMS 0x0000000084200000, 0x0000000084100000| Untracked 
|  66|0x0000000084200000, 0x0000000084300000, 0x0000000084300000|100%| O|  |TAMS 0x0000000084300000, 0x0000000084200000| Untracked 
|  67|0x0000000084300000, 0x0000000084400000, 0x0000000084400000|100%| O|  |TAMS 0x0000000084400000, 0x0000000084300000| Untracked 
|  68|0x0000000084400000, 0x0000000084500000, 0x0000000084500000|100%| O|  |TAMS 0x0000000084500000, 0x0000000084400000| Untracked 
|  69|0x0000000084500000, 0x0000000084600000, 0x0000000084600000|100%| O|  |TAMS 0x0000000084600000, 0x0000000084500000| Untracked 
|  70|0x0000000084600000, 0x0000000084700000, 0x0000000084700000|100%| O|  |TAMS 0x0000000084700000, 0x0000000084600000| Untracked 
|  71|0x0000000084700000, 0x0000000084800000, 0x0000000084800000|100%| O|  |TAMS 0x0000000084800000, 0x0000000084700000| Untracked 
|  72|0x0000000084800000, 0x0000000084900000, 0x0000000084900000|100%| O|  |TAMS 0x0000000084900000, 0x0000000084800000| Untracked 
|  73|0x0000000084900000, 0x0000000084a00000, 0x0000000084a00000|100%| O|  |TAMS 0x0000000084a00000, 0x0000000084900000| Untracked 
|  74|0x0000000084a00000, 0x0000000084b00000, 0x0000000084b00000|100%| O|  |TAMS 0x0000000084b00000, 0x0000000084a00000| Untracked 
|  75|0x0000000084b00000, 0x0000000084c00000, 0x0000000084c00000|100%| O|  |TAMS 0x0000000084c00000, 0x0000000084b00000| Untracked 
|  76|0x0000000084c00000, 0x0000000084d00000, 0x0000000084d00000|100%| O|  |TAMS 0x0000000084d00000, 0x0000000084c00000| Untracked 
|  77|0x0000000084d00000, 0x0000000084e00000, 0x0000000084e00000|100%| O|  |TAMS 0x0000000084e00000, 0x0000000084d00000| Untracked 
|  78|0x0000000084e00000, 0x0000000084f00000, 0x0000000084f00000|100%| O|  |TAMS 0x0000000084f00000, 0x0000000084e00000| Untracked 
|  79|0x0000000084f00000, 0x0000000085000000, 0x0000000085000000|100%| O|  |TAMS 0x0000000085000000, 0x0000000084f00000| Untracked 
|  80|0x0000000085000000, 0x0000000085100000, 0x0000000085100000|100%| O|  |TAMS 0x0000000085100000, 0x0000000085000000| Untracked 
|  81|0x0000000085100000, 0x0000000085200000, 0x0000000085200000|100%| O|  |TAMS 0x0000000085200000, 0x0000000085100000| Untracked 
|  82|0x0000000085200000, 0x0000000085300000, 0x0000000085300000|100%| O|  |TAMS 0x0000000085300000, 0x0000000085200000| Untracked 
|  83|0x0000000085300000, 0x0000000085400000, 0x0000000085400000|100%| O|  |TAMS 0x0000000085400000, 0x0000000085300000| Untracked 
|  84|0x0000000085400000, 0x0000000085500000, 0x0000000085500000|100%| O|  |TAMS 0x0000000085500000, 0x0000000085400000| Untracked 
|  85|0x0000000085500000, 0x0000000085500000, 0x0000000085600000|  0%| F|  |TAMS 0x0000000085500000, 0x0000000085500000| Untracked 
|  86|0x0000000085600000, 0x0000000085700000, 0x0000000085700000|100%| O|  |TAMS 0x0000000085700000, 0x0000000085600000| Untracked 
|  87|0x0000000085700000, 0x0000000085800000, 0x0000000085800000|100%| O|  |TAMS 0x0000000085800000, 0x0000000085700000| Untracked 
|  88|0x0000000085800000, 0x0000000085900000, 0x0000000085900000|100%| O|  |TAMS 0x0000000085900000, 0x0000000085800000| Untracked 
|  89|0x0000000085900000, 0x0000000085a00000, 0x0000000085a00000|100%| O|  |TAMS 0x0000000085a00000, 0x0000000085900000| Untracked 
|  90|0x0000000085a00000, 0x0000000085b00000, 0x0000000085b00000|100%| O|  |TAMS 0x0000000085b00000, 0x0000000085a00000| Untracked 
|  91|0x0000000085b00000, 0x0000000085c00000, 0x0000000085c00000|100%| O|  |TAMS 0x0000000085c00000, 0x0000000085b00000| Untracked 
|  92|0x0000000085c00000, 0x0000000085d00000, 0x0000000085d00000|100%| O|  |TAMS 0x0000000085d00000, 0x0000000085c00000| Untracked 
|  93|0x0000000085d00000, 0x0000000085e00000, 0x0000000085e00000|100%| O|  |TAMS 0x0000000085d6d400, 0x0000000085d00000| Untracked 
|  94|0x0000000085e00000, 0x0000000085f00000, 0x0000000085f00000|100%| O|  |TAMS 0x0000000085e00000, 0x0000000085e00000| Untracked 
|  95|0x0000000085f00000, 0x0000000086000000, 0x0000000086000000|100%| O|  |TAMS 0x0000000085f00000, 0x0000000085f00000| Untracked 
|  96|0x0000000086000000, 0x0000000086100000, 0x0000000086100000|100%| O|  |TAMS 0x0000000086000000, 0x0000000086000000| Untracked 
|  97|0x0000000086100000, 0x0000000086200000, 0x0000000086200000|100%| O|  |TAMS 0x0000000086100000, 0x0000000086100000| Untracked 
|  98|0x0000000086200000, 0x0000000086300000, 0x0000000086300000|100%| O|  |TAMS 0x0000000086200000, 0x0000000086200000| Untracked 
|  99|0x0000000086300000, 0x0000000086400000, 0x0000000086400000|100%| O|  |TAMS 0x0000000086300000, 0x0000000086300000| Untracked 
| 100|0x0000000086400000, 0x0000000086500000, 0x0000000086500000|100%| O|  |TAMS 0x0000000086400000, 0x0000000086400000| Untracked 
| 101|0x0000000086500000, 0x0000000086600000, 0x0000000086600000|100%| O|  |TAMS 0x0000000086500000, 0x0000000086500000| Untracked 
| 102|0x0000000086600000, 0x0000000086700000, 0x0000000086700000|100%| O|  |TAMS 0x0000000086600000, 0x0000000086600000| Untracked 
| 103|0x0000000086700000, 0x0000000086800000, 0x0000000086800000|100%| O|  |TAMS 0x0000000086700000, 0x0000000086700000| Untracked 
| 104|0x0000000086800000, 0x0000000086900000, 0x0000000086900000|100%| O|  |TAMS 0x0000000086800000, 0x0000000086800000| Untracked 
| 105|0x0000000086900000, 0x00000000869c4c00, 0x0000000086a00000| 76%| O|  |TAMS 0x0000000086900000, 0x0000000086900000| Untracked 
| 106|0x0000000086a00000, 0x0000000086a00000, 0x0000000086b00000|  0%| F|  |TAMS 0x0000000086a00000, 0x0000000086a00000| Untracked 
| 107|0x0000000086b00000, 0x0000000086b00000, 0x0000000086c00000|  0%| F|  |TAMS 0x0000000086b00000, 0x0000000086b00000| Untracked 
| 108|0x0000000086c00000, 0x0000000086c00000, 0x0000000086d00000|  0%| F|  |TAMS 0x0000000086c00000, 0x0000000086c00000| Untracked 
| 109|0x0000000086d00000, 0x0000000086d00000, 0x0000000086e00000|  0%| F|  |TAMS 0x0000000086d00000, 0x0000000086d00000| Untracked 
| 110|0x0000000086e00000, 0x0000000086e00000, 0x0000000086f00000|  0%| F|  |TAMS 0x0000000086e00000, 0x0000000086e00000| Untracked 
| 111|0x0000000086f00000, 0x0000000086f00000, 0x0000000087000000|  0%| F|  |TAMS 0x0000000086f00000, 0x0000000086f00000| Untracked 
| 112|0x0000000087000000, 0x0000000087000000, 0x0000000087100000|  0%| F|  |TAMS 0x0000000087000000, 0x0000000087000000| Untracked 
| 113|0x0000000087100000, 0x0000000087100000, 0x0000000087200000|  0%| F|  |TAMS 0x0000000087100000, 0x0000000087100000| Untracked 
| 114|0x0000000087200000, 0x0000000087200000, 0x0000000087300000|  0%| F|  |TAMS 0x0000000087200000, 0x0000000087200000| Untracked 
| 115|0x0000000087300000, 0x0000000087300000, 0x0000000087400000|  0%| F|  |TAMS 0x0000000087300000, 0x0000000087300000| Untracked 
| 116|0x0000000087400000, 0x0000000087400000, 0x0000000087500000|  0%| F|  |TAMS 0x0000000087400000, 0x0000000087400000| Untracked 
| 117|0x0000000087500000, 0x0000000087500000, 0x0000000087600000|  0%| F|  |TAMS 0x0000000087500000, 0x0000000087500000| Untracked 
| 118|0x0000000087600000, 0x0000000087600000, 0x0000000087700000|  0%| F|  |TAMS 0x0000000087600000, 0x0000000087600000| Untracked 
| 119|0x0000000087700000, 0x0000000087700000, 0x0000000087800000|  0%| F|  |TAMS 0x0000000087700000, 0x0000000087700000| Untracked 
| 120|0x0000000087800000, 0x0000000087800000, 0x0000000087900000|  0%| F|  |TAMS 0x0000000087800000, 0x0000000087800000| Untracked 
| 121|0x0000000087900000, 0x0000000087900000, 0x0000000087a00000|  0%| F|  |TAMS 0x0000000087900000, 0x0000000087900000| Untracked 
| 122|0x0000000087a00000, 0x0000000087a00000, 0x0000000087b00000|  0%| F|  |TAMS 0x0000000087a00000, 0x0000000087a00000| Untracked 
| 123|0x0000000087b00000, 0x0000000087b00000, 0x0000000087c00000|  0%| F|  |TAMS 0x0000000087b00000, 0x0000000087b00000| Untracked 
| 124|0x0000000087c00000, 0x0000000087c00000, 0x0000000087d00000|  0%| F|  |TAMS 0x0000000087c00000, 0x0000000087c00000| Untracked 
| 125|0x0000000087d00000, 0x0000000087d00000, 0x0000000087e00000|  0%| F|  |TAMS 0x0000000087d00000, 0x0000000087d00000| Untracked 
| 126|0x0000000087e00000, 0x0000000087e00000, 0x0000000087f00000|  0%| F|  |TAMS 0x0000000087e00000, 0x0000000087e00000| Untracked 
| 127|0x0000000087f00000, 0x0000000087f00000, 0x0000000088000000|  0%| F|  |TAMS 0x0000000087f00000, 0x0000000087f00000| Untracked 
| 128|0x0000000088000000, 0x0000000088000000, 0x0000000088100000|  0%| F|  |TAMS 0x0000000088000000, 0x0000000088000000| Untracked 
| 129|0x0000000088100000, 0x0000000088100000, 0x0000000088200000|  0%| F|  |TAMS 0x0000000088100000, 0x0000000088100000| Untracked 
| 130|0x0000000088200000, 0x0000000088200000, 0x0000000088300000|  0%| F|  |TAMS 0x0000000088200000, 0x0000000088200000| Untracked 
| 131|0x0000000088300000, 0x0000000088300000, 0x0000000088400000|  0%| F|  |TAMS 0x0000000088300000, 0x0000000088300000| Untracked 
| 132|0x0000000088400000, 0x0000000088400000, 0x0000000088500000|  0%| F|  |TAMS 0x0000000088400000, 0x0000000088400000| Untracked 
| 133|0x0000000088500000, 0x0000000088500000, 0x0000000088600000|  0%| F|  |TAMS 0x0000000088500000, 0x0000000088500000| Untracked 
| 134|0x0000000088600000, 0x0000000088600000, 0x0000000088700000|  0%| F|  |TAMS 0x0000000088600000, 0x0000000088600000| Untracked 
| 135|0x0000000088700000, 0x0000000088700000, 0x0000000088800000|  0%| F|  |TAMS 0x0000000088700000, 0x0000000088700000| Untracked 
| 136|0x0000000088800000, 0x0000000088850820, 0x0000000088900000| 31%| E|  |TAMS 0x0000000088800000, 0x0000000088800000| Complete 
| 137|0x0000000088900000, 0x0000000088a00000, 0x0000000088a00000|100%| E|CS|TAMS 0x0000000088900000, 0x0000000088900000| Complete 
| 138|0x0000000088a00000, 0x0000000088b00000, 0x0000000088b00000|100%| E|CS|TAMS 0x0000000088a00000, 0x0000000088a00000| Complete 
| 139|0x0000000088b00000, 0x0000000088c00000, 0x0000000088c00000|100%| E|CS|TAMS 0x0000000088b00000, 0x0000000088b00000| Complete 
| 140|0x0000000088c00000, 0x0000000088d00000, 0x0000000088d00000|100%| E|CS|TAMS 0x0000000088c00000, 0x0000000088c00000| Complete 
| 141|0x0000000088d00000, 0x0000000088e00000, 0x0000000088e00000|100%| E|CS|TAMS 0x0000000088d00000, 0x0000000088d00000| Complete 
| 142|0x0000000088e00000, 0x0000000088f00000, 0x0000000088f00000|100%| E|CS|TAMS 0x0000000088e00000, 0x0000000088e00000| Complete 
| 143|0x0000000088f00000, 0x0000000089000000, 0x0000000089000000|100%| E|CS|TAMS 0x0000000088f00000, 0x0000000088f00000| Complete 
| 144|0x0000000089000000, 0x0000000089100000, 0x0000000089100000|100%| E|CS|TAMS 0x0000000089000000, 0x0000000089000000| Complete 
| 145|0x0000000089100000, 0x0000000089200000, 0x0000000089200000|100%| E|CS|TAMS 0x0000000089100000, 0x0000000089100000| Complete 
| 146|0x0000000089200000, 0x0000000089300000, 0x0000000089300000|100%| E|CS|TAMS 0x0000000089200000, 0x0000000089200000| Complete 
| 147|0x0000000089300000, 0x0000000089400000, 0x0000000089400000|100%| E|CS|TAMS 0x0000000089300000, 0x0000000089300000| Complete 
| 148|0x0000000089400000, 0x0000000089500000, 0x0000000089500000|100%| E|CS|TAMS 0x0000000089400000, 0x0000000089400000| Complete 
| 149|0x0000000089500000, 0x0000000089600000, 0x0000000089600000|100%| E|CS|TAMS 0x0000000089500000, 0x0000000089500000| Complete 
| 150|0x0000000089600000, 0x0000000089700000, 0x0000000089700000|100%| E|CS|TAMS 0x0000000089600000, 0x0000000089600000| Complete 
| 151|0x0000000089700000, 0x0000000089800000, 0x0000000089800000|100%| E|CS|TAMS 0x0000000089700000, 0x0000000089700000| Complete 
| 152|0x0000000089800000, 0x0000000089900000, 0x0000000089900000|100%| E|CS|TAMS 0x0000000089800000, 0x0000000089800000| Complete 
| 153|0x0000000089900000, 0x0000000089a00000, 0x0000000089a00000|100%| E|CS|TAMS 0x0000000089900000, 0x0000000089900000| Complete 
| 154|0x0000000089a00000, 0x0000000089b00000, 0x0000000089b00000|100%| E|CS|TAMS 0x0000000089a00000, 0x0000000089a00000| Complete 
| 155|0x0000000089b00000, 0x0000000089c00000, 0x0000000089c00000|100%| E|CS|TAMS 0x0000000089b00000, 0x0000000089b00000| Complete 
| 156|0x0000000089c00000, 0x0000000089d00000, 0x0000000089d00000|100%| E|CS|TAMS 0x0000000089c00000, 0x0000000089c00000| Complete 
| 157|0x0000000089d00000, 0x0000000089e00000, 0x0000000089e00000|100%| E|CS|TAMS 0x0000000089d00000, 0x0000000089d00000| Complete 
| 158|0x0000000089e00000, 0x0000000089f00000, 0x0000000089f00000|100%| E|CS|TAMS 0x0000000089e00000, 0x0000000089e00000| Complete 
| 159|0x0000000089f00000, 0x000000008a000000, 0x000000008a000000|100%| E|CS|TAMS 0x0000000089f00000, 0x0000000089f00000| Complete 
| 160|0x000000008a000000, 0x000000008a100000, 0x000000008a100000|100%| E|CS|TAMS 0x000000008a000000, 0x000000008a000000| Complete 
| 161|0x000000008a100000, 0x000000008a200000, 0x000000008a200000|100%| E|CS|TAMS 0x000000008a100000, 0x000000008a100000| Complete 
| 162|0x000000008a200000, 0x000000008a300000, 0x000000008a300000|100%| E|CS|TAMS 0x000000008a200000, 0x000000008a200000| Complete 
| 163|0x000000008a300000, 0x000000008a400000, 0x000000008a400000|100%| E|CS|TAMS 0x000000008a300000, 0x000000008a300000| Complete 
| 164|0x000000008a400000, 0x000000008a500000, 0x000000008a500000|100%| E|CS|TAMS 0x000000008a400000, 0x000000008a400000| Complete 
| 165|0x000000008a500000, 0x000000008a600000, 0x000000008a600000|100%| E|CS|TAMS 0x000000008a500000, 0x000000008a500000| Complete 
| 166|0x000000008a600000, 0x000000008a700000, 0x000000008a700000|100%| S|CS|TAMS 0x000000008a600000, 0x000000008a600000| Complete 
| 167|0x000000008a700000, 0x000000008a800000, 0x000000008a800000|100%| E|CS|TAMS 0x000000008a700000, 0x000000008a700000| Complete 
| 168|0x000000008a800000, 0x000000008a900000, 0x000000008a900000|100%| E|CS|TAMS 0x000000008a800000, 0x000000008a800000| Complete 

Card table byte_map: [0x00000273a3de0000,0x00000273a41e0000] _byte_map_base: 0x00000273a39e0000

Marking Bits (Prev, Next): (CMBitMap*) 0x000002738f32a440, (CMBitMap*) 0x000002738f32a400
 Prev Bits: [0x00000273a65e0000, 0x00000273a85e0000)
 Next Bits: [0x00000273a45e0000, 0x00000273a65e0000)

Polling page: 0x000002738f3a0000

Metaspace:

Usage:
  Non-class:     84.60 MB used.
      Class:     13.35 MB used.
       Both:     97.95 MB used.

Virtual space:
  Non-class space:       88.00 MB reserved,      84.94 MB ( 97%) committed,  11 nodes.
      Class space:        1.00 GB reserved,      13.62 MB (  1%) committed,  1 nodes.
             Both:        1.09 GB reserved,      98.56 MB (  9%) committed. 

Chunk freelists:
   Non-Class:  2.98 MB
       Class:  2.25 MB
        Both:  5.24 MB

MaxMetaspaceSize: unlimited
CompressedClassSpaceSize: 1.00 GB
Initial GC threshold: 21.00 MB
Current GC threshold: 159.00 MB
CDS: off
MetaspaceReclaimPolicy: balanced
 - commit_granule_bytes: 65536.
 - commit_granule_words: 8192.
 - virtual_space_node_default_size: 1048576.
 - enlarge_chunks_in_place: 1.
 - new_chunks_are_fully_committed: 0.
 - uncommit_free_chunks: 1.
 - use_allocation_guard: 0.
 - handle_deallocations: 1.


Internal statistics:

num_allocs_failed_limit: 9.
num_arena_births: 886.
num_arena_deaths: 0.
num_vsnodes_births: 12.
num_vsnodes_deaths: 0.
num_space_committed: 1577.
num_space_uncommitted: 0.
num_chunks_returned_to_freelist: 9.
num_chunks_taken_from_freelist: 4587.
num_chunk_merges: 6.
num_chunk_splits: 3038.
num_chunks_enlarged: 2071.
num_purges: 0.
num_inconsistent_stats: 0.

CodeHeap 'non-profiled nmethods': size=120000Kb used=6468Kb max_used=6468Kb free=113531Kb
 bounds [0x000002739ba50000, 0x000002739c0b0000, 0x00000273a2f80000]
CodeHeap 'profiled nmethods': size=120000Kb used=20235Kb max_used=20235Kb free=99764Kb
 bounds [0x0000027393f80000, 0x0000027395350000, 0x000002739b4b0000]
CodeHeap 'non-nmethods': size=5760Kb used=2401Kb max_used=2435Kb free=3359Kb
 bounds [0x000002739b4b0000, 0x000002739b720000, 0x000002739ba50000]
 total_blobs=11375 nmethods=10450 adapters=837
 compilation: enabled
              stopped_count=0, restarted_count=0
 full_count=0

Compilation events (20 events):
Event: 156.636 Thread 0x00000273abc07d10 11968       2       com.android.tools.r8.utils.structural.k::a (59 bytes)
Event: 156.636 Thread 0x00000273abc07d10 nmethod 11968 0x000002739533b990 code [0x000002739533bb40, 0x000002739533bd48]
Event: 156.636 Thread 0x00000273abc07d10 11969       2       com.android.tools.r8.graph.a1::a (9 bytes)
Event: 156.637 Thread 0x00000273abc07d10 nmethod 11969 0x000002739533be90 code [0x000002739533c020, 0x000002739533c198]
Event: 156.637 Thread 0x00000273abc07d10 11970       2       com.android.tools.r8.graph.a1::a (28 bytes)
Event: 156.637 Thread 0x00000273abc07d10 nmethod 11970 0x000002739533c290 code [0x000002739533c420, 0x000002739533c558]
Event: 156.637 Thread 0x00000273abc07d10 11971       2       com.android.tools.r8.graph.Z3::a (245 bytes)
Event: 156.637 Thread 0x00000273abc07d10 nmethod 11971 0x000002739533c610 code [0x000002739533c900, 0x000002739533d318]
Event: 156.637 Thread 0x00000273abc07d10 11955       2       com.android.tools.r8.internal.u8::c (9 bytes)
Event: 156.637 Thread 0x00000273abc07d10 nmethod 11955 0x000002739533d890 code [0x000002739533da20, 0x000002739533db58]
Event: 156.637 Thread 0x00000273abc07d10 11956       2       com.android.tools.r8.graph.F::a (100 bytes)
Event: 156.637 Thread 0x00000273abc07d10 nmethod 11956 0x000002739533dc10 code [0x000002739533dde0, 0x000002739533e1f8]
Event: 156.637 Thread 0x00000273abc07d10 11957       2       com.android.tools.r8.graph.g::h (12 bytes)
Event: 156.637 Thread 0x00000273abc07d10 nmethod 11957 0x000002739533e390 code [0x000002739533e520, 0x000002739533e638]
Event: 156.637 Thread 0x00000273abc07d10 11952       2       com.android.tools.r8.internal.ga::<init> (18 bytes)
Event: 156.637 Thread 0x00000273abc07d10 nmethod 11952 0x000002739533e710 code [0x000002739533e8a0, 0x000002739533e9f8]
Event: 156.637 Thread 0x00000273abc07d10 11953       2       com.android.tools.r8.graph.b4::<init> (18 bytes)
Event: 156.638 Thread 0x00000273abc07d10 nmethod 11953 0x000002739533ea90 code [0x000002739533ec20, 0x000002739533ee58]
Event: 156.638 Thread 0x00000273abc07d10 11954       2       com.android.tools.r8.graph.h3$b::f (4 bytes)
Event: 156.638 Thread 0x00000273abc07d10 nmethod 11954 0x000002739533ef10 code [0x000002739533f0a0, 0x000002739533f198]

GC Heap History (20 events):
Event: 119.067 GC heap before
{Heap before GC invocations=19 (full 0):
 garbage-first heap   total 167936K, used 131072K [0x0000000080000000, 0x0000000100000000)
  region size 1024K, 71 young (72704K), 6 survivors (6144K)
 Metaspace       used 78673K, committed 79232K, reserved 1122304K
  class space    used 10638K, committed 10880K, reserved 1048576K
}
Event: 119.075 GC heap after
{Heap after GC invocations=20 (full 0):
 garbage-first heap   total 167936K, used 69543K [0x0000000080000000, 0x0000000100000000)
  region size 1024K, 6 young (6144K), 6 survivors (6144K)
 Metaspace       used 78673K, committed 79232K, reserved 1122304K
  class space    used 10638K, committed 10880K, reserved 1048576K
}
Event: 122.645 GC heap before
{Heap before GC invocations=20 (full 0):
 garbage-first heap   total 167936K, used 132007K [0x0000000080000000, 0x0000000100000000)
  region size 1024K, 67 young (68608K), 6 survivors (6144K)
 Metaspace       used 85289K, committed 85888K, reserved 1130496K
  class space    used 11590K, committed 11840K, reserved 1048576K
}
Event: 122.653 GC heap after
{Heap after GC invocations=21 (full 0):
 garbage-first heap   total 167936K, used 74263K [0x0000000080000000, 0x0000000100000000)
  region size 1024K, 6 young (6144K), 6 survivors (6144K)
 Metaspace       used 85289K, committed 85888K, reserved 1130496K
  class space    used 11590K, committed 11840K, reserved 1048576K
}
Event: 124.028 GC heap before
{Heap before GC invocations=21 (full 0):
 garbage-first heap   total 167936K, used 132631K [0x0000000080000000, 0x0000000100000000)
  region size 1024K, 63 young (64512K), 6 survivors (6144K)
 Metaspace       used 87088K, committed 87744K, reserved 1130496K
  class space    used 11925K, committed 12224K, reserved 1048576K
}
Event: 124.037 GC heap after
{Heap after GC invocations=22 (full 0):
 garbage-first heap   total 167936K, used 82749K [0x0000000080000000, 0x0000000100000000)
  region size 1024K, 8 young (8192K), 8 survivors (8192K)
 Metaspace       used 87088K, committed 87744K, reserved 1130496K
  class space    used 11925K, committed 12224K, reserved 1048576K
}
Event: 142.666 GC heap before
{Heap before GC invocations=22 (full 0):
 garbage-first heap   total 167936K, used 132925K [0x0000000080000000, 0x0000000100000000)
  region size 1024K, 58 young (59392K), 8 survivors (8192K)
 Metaspace       used 88331K, committed 88960K, reserved 1130496K
  class space    used 12074K, committed 12352K, reserved 1048576K
}
Event: 142.675 GC heap after
{Heap after GC invocations=23 (full 0):
 garbage-first heap   total 167936K, used 88493K [0x0000000080000000, 0x0000000100000000)
  region size 1024K, 6 young (6144K), 6 survivors (6144K)
 Metaspace       used 88331K, committed 88960K, reserved 1130496K
  class space    used 12074K, committed 12352K, reserved 1048576K
}
Event: 147.776 GC heap before
{Heap before GC invocations=23 (full 0):
 garbage-first heap   total 167936K, used 133549K [0x0000000080000000, 0x0000000100000000)
  region size 1024K, 51 young (52224K), 6 survivors (6144K)
 Metaspace       used 92706K, committed 93312K, reserved 1130496K
  class space    used 12603K, committed 12864K, reserved 1048576K
}
Event: 147.782 GC heap after
{Heap after GC invocations=24 (full 0):
 garbage-first heap   total 167936K, used 91076K [0x0000000080000000, 0x0000000100000000)
  region size 1024K, 4 young (4096K), 4 survivors (4096K)
 Metaspace       used 92706K, committed 93312K, reserved 1130496K
  class space    used 12603K, committed 12864K, reserved 1048576K
}
Event: 150.569 GC heap before
{Heap before GC invocations=25 (full 0):
 garbage-first heap   total 167936K, used 135108K [0x0000000080000000, 0x0000000100000000)
  region size 1024K, 48 young (49152K), 4 survivors (4096K)
 Metaspace       used 95649K, committed 96320K, reserved 1138688K
  class space    used 12985K, committed 13312K, reserved 1048576K
}
Event: 150.576 GC heap after
{Heap after GC invocations=26 (full 0):
 garbage-first heap   total 167936K, used 95149K [0x0000000080000000, 0x0000000100000000)
  region size 1024K, 6 young (6144K), 6 survivors (6144K)
 Metaspace       used 95649K, committed 96320K, reserved 1138688K
  class space    used 12985K, committed 13312K, reserved 1048576K
}
Event: 151.513 GC heap before
{Heap before GC invocations=26 (full 0):
 garbage-first heap   total 167936K, used 97197K [0x0000000080000000, 0x0000000100000000)
  region size 1024K, 8 young (8192K), 6 survivors (6144K)
 Metaspace       used 95841K, committed 96512K, reserved 1138688K
  class space    used 13012K, committed 13312K, reserved 1048576K
}
Event: 151.518 GC heap after
{Heap after GC invocations=27 (full 0):
 garbage-first heap   total 167936K, used 95669K [0x0000000080000000, 0x0000000100000000)
  region size 1024K, 1 young (1024K), 1 survivors (1024K)
 Metaspace       used 95841K, committed 96512K, reserved 1138688K
  class space    used 13012K, committed 13312K, reserved 1048576K
}
Event: 154.505 GC heap before
{Heap before GC invocations=27 (full 0):
 garbage-first heap   total 167936K, used 136629K [0x0000000080000000, 0x0000000100000000)
  region size 1024K, 42 young (43008K), 1 survivors (1024K)
 Metaspace       used 97000K, committed 97664K, reserved 1138688K
  class space    used 13186K, committed 13504K, reserved 1048576K
}
Event: 154.509 GC heap after
{Heap after GC invocations=28 (full 0):
 garbage-first heap   total 167936K, used 101888K [0x0000000080000000, 0x0000000100000000)
  region size 1024K, 6 young (6144K), 6 survivors (6144K)
 Metaspace       used 97000K, committed 97664K, reserved 1138688K
  class space    used 13186K, committed 13504K, reserved 1048576K
}
Event: 156.588 GC heap before
{Heap before GC invocations=29 (full 0):
 garbage-first heap   total 173056K, used 136704K [0x0000000080000000, 0x0000000100000000)
  region size 1024K, 41 young (41984K), 6 survivors (6144K)
 Metaspace       used 100205K, committed 100800K, reserved 1138688K
  class space    used 13668K, committed 13952K, reserved 1048576K
}
Event: 156.596 GC heap after
{Heap after GC invocations=30 (full 0):
 garbage-first heap   total 173056K, used 107956K [0x0000000080000000, 0x0000000100000000)
  region size 1024K, 6 young (6144K), 6 survivors (6144K)
 Metaspace       used 100205K, committed 100800K, reserved 1138688K
  class space    used 13668K, committed 13952K, reserved 1048576K
}
Event: 156.601 GC heap before
{Heap before GC invocations=30 (full 0):
 garbage-first heap   total 173056K, used 110004K [0x0000000080000000, 0x0000000100000000)
  region size 1024K, 8 young (8192K), 6 survivors (6144K)
 Metaspace       used 100215K, committed 100800K, reserved 1138688K
  class space    used 13668K, committed 13952K, reserved 1048576K
}
Event: 156.606 GC heap after
{Heap after GC invocations=31 (full 0):
 garbage-first heap   total 173056K, used 108307K [0x0000000080000000, 0x0000000100000000)
  region size 1024K, 1 young (1024K), 1 survivors (1024K)
 Metaspace       used 100215K, committed 100800K, reserved 1138688K
  class space    used 13668K, committed 13952K, reserved 1048576K
}

Dll operation events (2 events):
Event: 3.437 Loaded shared library C:\Program Files\Android\Android Studio\jbr\bin\java.dll
Event: 12.077 Loaded shared library C:\Program Files\Android\Android Studio\jbr\bin\verify.dll

Deoptimization events (20 events):
Event: 155.982 Thread 0x00000273ae173090 Uncommon trap: trap_request=0xffffff45 fr.pc=0x000002739c07e670 relative=0x0000000000000070
Event: 155.982 Thread 0x00000273ae648090 Uncommon trap: trap_request=0xffffff45 fr.pc=0x000002739c07e670 relative=0x0000000000000070
Event: 155.982 Thread 0x00000273ae7e7d90 Uncommon trap: trap_request=0xffffff45 fr.pc=0x000002739c07e670 relative=0x0000000000000070
Event: 155.982 Thread 0x00000273ae16c6b0 Uncommon trap: trap_request=0xffffff45 fr.pc=0x000002739c07e670 relative=0x0000000000000070
Event: 155.982 Thread 0x00000273ae173090 Uncommon trap: reason=unstable_if action=reinterpret pc=0x000002739c07e670 method=com.android.tools.r8.graph.p2.a(C[BI)I @ 1 c2
Event: 155.982 Thread 0x00000273ae648090 Uncommon trap: reason=unstable_if action=reinterpret pc=0x000002739c07e670 method=com.android.tools.r8.graph.p2.a(C[BI)I @ 1 c2
Event: 155.982 Thread 0x00000273ae7e7d90 Uncommon trap: reason=unstable_if action=reinterpret pc=0x000002739c07e670 method=com.android.tools.r8.graph.p2.a(C[BI)I @ 1 c2
Event: 155.982 Thread 0x00000273ae16c6b0 Uncommon trap: reason=unstable_if action=reinterpret pc=0x000002739c07e670 method=com.android.tools.r8.graph.p2.a(C[BI)I @ 1 c2
Event: 155.983 Thread 0x00000273ae173090 DEOPT PACKING pc=0x000002739c07e670 sp=0x000000ba262f9ff0
Event: 155.983 Thread 0x00000273ae173090 DEOPT UNPACKING pc=0x000002739b50a1a3 sp=0x000000ba262f9f90 mode 2
Event: 155.983 Thread 0x00000273ae648090 DEOPT PACKING pc=0x000002739c07e670 sp=0x000000ba280fa390
Event: 155.983 Thread 0x00000273ae648090 DEOPT UNPACKING pc=0x000002739b50a1a3 sp=0x000000ba280fa330 mode 2
Event: 155.983 Thread 0x00000273ae7e7d90 DEOPT PACKING pc=0x000002739c07e670 sp=0x000000ba251fa3f0
Event: 155.983 Thread 0x00000273ae7e7d90 DEOPT UNPACKING pc=0x000002739b50a1a3 sp=0x000000ba251fa390 mode 2
Event: 155.983 Thread 0x00000273ae16c6b0 DEOPT PACKING pc=0x000002739c07e670 sp=0x000000ba25cfa070
Event: 155.983 Thread 0x00000273ae16c6b0 DEOPT UNPACKING pc=0x000002739b50a1a3 sp=0x000000ba25cfa010 mode 2
Event: 156.607 Thread 0x00000273ae70aa90 DEOPT PACKING pc=0x00000273952f6e87 sp=0x000000ba28ffa760
Event: 156.607 Thread 0x00000273ae70aa90 DEOPT UNPACKING pc=0x000002739b50ace3 sp=0x000000ba28ff9c48 mode 0
Event: 156.618 Thread 0x00000273ae641b80 DEOPT PACKING pc=0x00000273952f6e87 sp=0x000000ba273fa370
Event: 156.618 Thread 0x00000273ae641b80 DEOPT UNPACKING pc=0x000002739b50ace3 sp=0x000000ba273f9858 mode 0

Classes unloaded (0 events):
No events

Classes redefined (0 events):
No events

Internal exceptions (20 events):
Event: 150.441 Thread 0x00000273ae16c6b0 Exception <a 'sun/nio/fs/WindowsException'{0x000000008789e930}> (0x000000008789e930) 
thrown [s\src\hotspot\share\prims\jni.cpp, line 517]
Event: 150.441 Thread 0x00000273ae7e7d90 Exception <a 'sun/nio/fs/WindowsException'{0x00000000878a5958}> (0x00000000878a5958) 
thrown [s\src\hotspot\share\prims\jni.cpp, line 517]
Event: 150.488 Thread 0x00000273ae70aa90 Exception <a 'sun/nio/fs/WindowsException'{0x0000000087879100}> (0x0000000087879100) 
thrown [s\src\hotspot\share\prims\jni.cpp, line 517]
Event: 150.488 Thread 0x00000273ae70aa90 Exception <a 'sun/nio/fs/WindowsException'{0x0000000087879550}> (0x0000000087879550) 
thrown [s\src\hotspot\share\prims\jni.cpp, line 517]
Event: 153.325 Thread 0x00000273ae173090 Exception <a 'sun/nio/fs/WindowsException'{0x0000000089062c60}> (0x0000000089062c60) 
thrown [s\src\hotspot\share\prims\jni.cpp, line 517]
Event: 153.325 Thread 0x00000273ae7e7d90 Exception <a 'sun/nio/fs/WindowsException'{0x000000008929e368}> (0x000000008929e368) 
thrown [s\src\hotspot\share\prims\jni.cpp, line 517]
Event: 153.325 Thread 0x00000273ae648090 Exception <a 'sun/nio/fs/WindowsException'{0x00000000895e1cd0}> (0x00000000895e1cd0) 
thrown [s\src\hotspot\share\prims\jni.cpp, line 517]
Event: 153.325 Thread 0x00000273aec2f190 Exception <a 'sun/nio/fs/WindowsException'{0x00000000895a7378}> (0x00000000895a7378) 
thrown [s\src\hotspot\share\prims\jni.cpp, line 517]
Event: 153.325 Thread 0x00000273ae16c6b0 Exception <a 'sun/nio/fs/WindowsException'{0x000000008905fe38}> (0x000000008905fe38) 
thrown [s\src\hotspot\share\prims\jni.cpp, line 517]
Event: 153.457 Thread 0x00000273ae70aa90 Exception <a 'sun/nio/fs/WindowsException'{0x0000000088d4e4c8}> (0x0000000088d4e4c8) 
thrown [s\src\hotspot\share\prims\jni.cpp, line 517]
Event: 153.498 Thread 0x00000273ae641b80 Exception <a 'sun/nio/fs/WindowsException'{0x0000000088b66038}> (0x0000000088b66038) 
thrown [s\src\hotspot\share\prims\jni.cpp, line 517]
Event: 154.042 Thread 0x00000273ae642520 Exception <a 'sun/nio/fs/WindowsException'{0x0000000087b5cd58}> (0x0000000087b5cd58) 
thrown [s\src\hotspot\share\prims\jni.cpp, line 517]
Event: 155.802 Thread 0x00000273ae16c6b0 Exception <a 'java/lang/NoSuchMethodError'{0x0000000089f477e8}: 'java.lang.Object java.lang.invoke.DirectMethodHandle$Holder.invokeStaticInit(java.lang.Object, java.lang.Object, java.lang.Object, java.lang.Object, java.lang.Object, java.lang.Object, java.lang.Object, java.lang.Object, java.lang.Object, java.lang.Object, java.lang.Object, java.lang.Object, java.lang.Object, java.lang.Object, java.lang.Object, java.lang.Object, java.lang.Object, java.lang.Object, java.lang.Object, int, java.lang.Object, java
Event: 155.880 Thread 0x00000273ae641b80 Exception <a 'java/lang/IncompatibleClassChangeError'{0x0000000089ecc660}: Found class java.lang.Object, but interface was expected> (0x0000000089ecc660) 
thrown [s\src\hotspot\share\interpreter\linkResolver.cpp, line 838]
Event: 155.880 Thread 0x00000273ae16c6b0 Exception <a 'java/lang/IncompatibleClassChangeError'{0x0000000089fff380}: Found class java.lang.Object, but interface was expected> (0x0000000089fff380) 
thrown [s\src\hotspot\share\interpreter\linkResolver.cpp, line 838]
Event: 155.904 Thread 0x00000273ae641b80 Exception <a 'java/lang/NoSuchMethodError'{0x0000000089d94170}: 'java.lang.Object java.lang.invoke.DirectMethodHandle$Holder.newInvokeSpecial(java.lang.Object, java.lang.Object, int, java.lang.Object, java.lang.Object)'> (0x0000000089d94170) 
thrown [s\src\hotspot\share\interpreter\linkResolver.cpp, line 771]
Event: 155.904 Thread 0x00000273ae648090 Exception <a 'java/lang/NoSuchMethodError'{0x0000000089c5fdf0}: 'java.lang.Object java.lang.invoke.DirectMethodHandle$Holder.newInvokeSpecial(java.lang.Object, java.lang.Object, int, java.lang.Object, java.lang.Object)'> (0x0000000089c5fdf0) 
thrown [s\src\hotspot\share\interpreter\linkResolver.cpp, line 771]
Event: 155.904 Thread 0x00000273ae642520 Exception <a 'java/lang/NoSuchMethodError'{0x0000000089dde978}: 'java.lang.Object java.lang.invoke.DirectMethodHandle$Holder.newInvokeSpecial(java.lang.Object, java.lang.Object, int, java.lang.Object, java.lang.Object)'> (0x0000000089dde978) 
thrown [s\src\hotspot\share\interpreter\linkResolver.cpp, line 771]
Event: 155.904 Thread 0x00000273ae7e7d90 Exception <a 'java/lang/NoSuchMethodError'{0x0000000089c7aaf8}: 'java.lang.Object java.lang.invoke.DirectMethodHandle$Holder.newInvokeSpecial(java.lang.Object, java.lang.Object, int, java.lang.Object, java.lang.Object)'> (0x0000000089c7aaf8) 
thrown [s\src\hotspot\share\interpreter\linkResolver.cpp, line 771]
Event: 156.393 Thread 0x00000273ae641b80 Exception <a 'java/lang/NoSuchMethodError'{0x0000000089bf16b0}: 'java.lang.Object java.lang.invoke.DirectMethodHandle$Holder.newInvokeSpecial(java.lang.Object, long)'> (0x0000000089bf16b0) 
thrown [s\src\hotspot\share\interpreter\linkResolver.cpp, line 771]

VM Operations (20 events):
Event: 154.444 Executing VM operation: HandshakeAllThreads
Event: 154.444 Executing VM operation: HandshakeAllThreads done
Event: 154.444 Executing VM operation: HandshakeAllThreads
Event: 154.444 Executing VM operation: HandshakeAllThreads done
Event: 154.505 Executing VM operation: G1CollectForAllocation
Event: 154.509 Executing VM operation: G1CollectForAllocation done
Event: 154.551 Executing VM operation: G1Concurrent
Event: 154.559 Executing VM operation: G1Concurrent done
Event: 154.581 Executing VM operation: G1Concurrent
Event: 154.582 Executing VM operation: G1Concurrent done
Event: 155.583 Executing VM operation: Cleanup
Event: 155.583 Executing VM operation: Cleanup done
Event: 155.841 Executing VM operation: HandshakeAllThreads
Event: 155.841 Executing VM operation: HandshakeAllThreads done
Event: 155.991 Executing VM operation: HandshakeAllThreads
Event: 155.991 Executing VM operation: HandshakeAllThreads done
Event: 156.588 Executing VM operation: G1CollectForAllocation
Event: 156.596 Executing VM operation: G1CollectForAllocation done
Event: 156.601 Executing VM operation: G1CollectForAllocation
Event: 156.606 Executing VM operation: G1CollectForAllocation done

Events (20 events):
Event: 150.439 loading class java/nio/file/Files$2 done
Event: 151.096 loading class sun/nio/fs/Globs
Event: 151.096 loading class sun/nio/fs/Globs done
Event: 151.096 loading class java/util/regex/Pattern$SliceU
Event: 151.096 loading class java/util/regex/Pattern$SliceU done
Event: 151.096 loading class sun/nio/fs/WindowsFileSystem$2
Event: 151.096 loading class java/nio/file/PathMatcher
Event: 151.096 loading class java/nio/file/PathMatcher done
Event: 151.096 loading class sun/nio/fs/WindowsFileSystem$2 done
Event: 152.521 loading class java/util/zip/ZipInputStream
Event: 152.522 loading class java/util/zip/ZipInputStream done
Event: 154.120 loading class java/io/UTFDataFormatException
Event: 154.120 loading class java/io/UTFDataFormatException done
Event: 154.449 Thread 0x00000273abc08610 flushing nmethod 0x00000273945a5910
Event: 155.403 loading class java/util/concurrent/RejectedExecutionException
Event: 155.403 loading class java/util/concurrent/RejectedExecutionException done
Event: 155.879 loading class java/lang/reflect/GenericSignatureFormatError
Event: 155.879 loading class java/lang/reflect/GenericSignatureFormatError done
Event: 156.409 loading class java/util/concurrent/ConcurrentLinkedQueue$Itr
Event: 156.451 loading class java/util/concurrent/ConcurrentLinkedQueue$Itr done


Dynamic libraries:
0x00007ff7c3670000 - 0x00007ff7c367a000 	C:\Program Files\Android\Android Studio\jbr\bin\java.exe
0x00007ff96c8e0000 - 0x00007ff96cae9000 	C:\WINDOWS\SYSTEM32\ntdll.dll
0x00007ff96b790000 - 0x00007ff96b84e000 	C:\WINDOWS\System32\KERNEL32.DLL
0x00007ff96a130000 - 0x00007ff96a4b4000 	C:\WINDOWS\System32\KERNELBASE.dll
0x00007ff969fa0000 - 0x00007ff96a0b1000 	C:\WINDOWS\System32\ucrtbase.dll
0x00007ff962a80000 - 0x00007ff962a97000 	C:\Program Files\Android\Android Studio\jbr\bin\jli.dll
0x00007ff96c6f0000 - 0x00007ff96c89d000 	C:\WINDOWS\System32\USER32.dll
0x00007ff96a540000 - 0x00007ff96a566000 	C:\WINDOWS\System32\win32u.dll
0x00007ff96c3c0000 - 0x00007ff96c3ea000 	C:\WINDOWS\System32\GDI32.dll
0x00007ff96a570000 - 0x00007ff96a68f000 	C:\WINDOWS\System32\gdi32full.dll
0x00007ff969d90000 - 0x00007ff969e2d000 	C:\WINDOWS\System32\msvcp_win.dll
0x00007ff950f30000 - 0x00007ff950f4b000 	C:\Program Files\Android\Android Studio\jbr\bin\VCRUNTIME140.dll
0x00007ff953d30000 - 0x00007ff953fd5000 	C:\WINDOWS\WinSxS\amd64_microsoft.windows.common-controls_6595b64144ccf1df_6.0.22000.120_none_9d947278b86cc467\COMCTL32.dll
0x00007ff96baa0000 - 0x00007ff96bb43000 	C:\WINDOWS\System32\msvcrt.dll
0x00007ff96b6a0000 - 0x00007ff96b6d1000 	C:\WINDOWS\System32\IMM32.DLL
0x00007ff963ae0000 - 0x00007ff963aec000 	C:\Program Files\Android\Android Studio\jbr\bin\vcruntime140_1.dll
0x00007ff928990000 - 0x00007ff928a1d000 	C:\Program Files\Android\Android Studio\jbr\bin\msvcp140.dll
0x00007ff927930000 - 0x00007ff92859d000 	C:\Program Files\Android\Android Studio\jbr\bin\server\jvm.dll
0x00007ff96b510000 - 0x00007ff96b5bf000 	C:\WINDOWS\System32\ADVAPI32.dll
0x00007ff96bb50000 - 0x00007ff96bbee000 	C:\WINDOWS\System32\sechost.dll
0x00007ff96b000000 - 0x00007ff96b121000 	C:\WINDOWS\System32\RPCRT4.dll
0x00007ff962cb0000 - 0x00007ff962cba000 	C:\WINDOWS\SYSTEM32\VERSION.dll
0x00007ff963020000 - 0x00007ff963053000 	C:\WINDOWS\SYSTEM32\WINMM.dll
0x00007ff94d3b0000 - 0x00007ff94d3b9000 	C:\WINDOWS\SYSTEM32\WSOCK32.dll
0x00007ff96af90000 - 0x00007ff96afff000 	C:\WINDOWS\System32\ws2_32.DLL
0x00007ff968dd0000 - 0x00007ff968de8000 	C:\WINDOWS\SYSTEM32\kernel.appcore.dll
0x00007ff966030000 - 0x00007ff96603a000 	C:\Program Files\Android\Android Studio\jbr\bin\jimage.dll
0x00007ff967590000 - 0x00007ff9677b1000 	C:\WINDOWS\SYSTEM32\DBGHELP.DLL
0x00007ff950360000 - 0x00007ff950391000 	C:\WINDOWS\SYSTEM32\dbgcore.DLL
0x00007ff96a4c0000 - 0x00007ff96a53f000 	C:\WINDOWS\System32\bcryptPrimitives.dll
0x00007ff965100000 - 0x00007ff965125000 	C:\Program Files\Android\Android Studio\jbr\bin\java.dll
0x00007ff965fa0000 - 0x00007ff965fb8000 	C:\Program Files\Android\Android Studio\jbr\bin\zip.dll
0x00007ff96bbf0000 - 0x00007ff96c3b5000 	C:\WINDOWS\System32\SHELL32.dll
0x00007ff967e30000 - 0x00007ff968694000 	C:\WINDOWS\SYSTEM32\windows.storage.dll
0x00007ff96b190000 - 0x00007ff96b506000 	C:\WINDOWS\System32\combase.dll
0x00007ff967cc0000 - 0x00007ff967e27000 	C:\WINDOWS\SYSTEM32\wintypes.dll
0x00007ff96c3f0000 - 0x00007ff96c4da000 	C:\WINDOWS\System32\SHCORE.dll
0x00007ff96c5d0000 - 0x00007ff96c62d000 	C:\WINDOWS\System32\shlwapi.dll
0x00007ff969cc0000 - 0x00007ff969ce1000 	C:\WINDOWS\SYSTEM32\profapi.dll
0x00007ff964120000 - 0x00007ff964139000 	C:\Program Files\Android\Android Studio\jbr\bin\net.dll
0x00007ff964d20000 - 0x00007ff964e33000 	C:\WINDOWS\SYSTEM32\WINHTTP.dll
0x00007ff969260000 - 0x00007ff9692c7000 	C:\WINDOWS\system32\mswsock.dll
0x00007ff963a40000 - 0x00007ff963a56000 	C:\Program Files\Android\Android Studio\jbr\bin\nio.dll
0x00007ff965fc0000 - 0x00007ff965fd0000 	C:\Program Files\Android\Android Studio\jbr\bin\verify.dll
0x00007ff9640f0000 - 0x00007ff964117000 	C:\Users\IMANUEL SEPTIA PUTRA\.gradle\native\68d5fa5c4cc2d200863cafc0d521ce42e7d3e7ee720ec0a83991735586a16f82\windows-amd64\native-platform.dll
0x00007ff928840000 - 0x00007ff928984000 	C:\Users\IMANUEL SEPTIA PUTRA\.gradle\native\e376f236ea51e6404a007f0833ffe2c6e607c4080706a723a18a27aeea778392\windows-amd64\native-platform-file-events.dll
0x00007ff966060000 - 0x00007ff966069000 	C:\Program Files\Android\Android Studio\jbr\bin\management.dll
0x00007ff965fd0000 - 0x00007ff965fdb000 	C:\Program Files\Android\Android Studio\jbr\bin\management_ext.dll
0x00007ff96ad80000 - 0x00007ff96ad88000 	C:\WINDOWS\System32\PSAPI.DLL
0x00007ff969530000 - 0x00007ff969548000 	C:\WINDOWS\SYSTEM32\CRYPTSP.dll
0x00007ff968d30000 - 0x00007ff968d65000 	C:\WINDOWS\system32\rsaenh.dll
0x00007ff969300000 - 0x00007ff969329000 	C:\WINDOWS\SYSTEM32\USERENV.dll
0x00007ff969680000 - 0x00007ff9696a7000 	C:\WINDOWS\SYSTEM32\bcrypt.dll
0x00007ff969450000 - 0x00007ff96945c000 	C:\WINDOWS\SYSTEM32\CRYPTBASE.dll
0x00007ff9688e0000 - 0x00007ff96890d000 	C:\WINDOWS\SYSTEM32\IPHLPAPI.DLL
0x00007ff96b6e0000 - 0x00007ff96b6e9000 	C:\WINDOWS\System32\NSI.dll
0x00007ff962ce0000 - 0x00007ff962cf9000 	C:\WINDOWS\SYSTEM32\dhcpcsvc6.DLL
0x00007ff962e30000 - 0x00007ff962e4e000 	C:\WINDOWS\SYSTEM32\dhcpcsvc.DLL
0x00007ff968910000 - 0x00007ff9689f8000 	C:\WINDOWS\SYSTEM32\DNSAPI.dll
0x00007ff95eb30000 - 0x00007ff95eb38000 	C:\WINDOWS\system32\wshunix.dll

dbghelp: loaded successfully - version: 4.0.5 - missing functions: none
symbol engine: initialized successfully - sym options: 0x614 - pdb path: .;C:\Program Files\Android\Android Studio\jbr\bin;C:\WINDOWS\SYSTEM32;C:\WINDOWS\WinSxS\amd64_microsoft.windows.common-controls_6595b64144ccf1df_6.0.22000.120_none_9d947278b86cc467;C:\Program Files\Android\Android Studio\jbr\bin\server;C:\Users\IMANUEL SEPTIA PUTRA\.gradle\native\68d5fa5c4cc2d200863cafc0d521ce42e7d3e7ee720ec0a83991735586a16f82\windows-amd64;C:\Users\IMANUEL SEPTIA PUTRA\.gradle\native\e376f236ea51e6404a007f0833ffe2c6e607c4080706a723a18a27aeea778392\windows-amd64

VM Arguments:
jvm_args: --add-opens=java.base/java.util=ALL-UNNAMED --add-opens=java.base/java.lang=ALL-UNNAMED --add-opens=java.base/java.lang.invoke=ALL-UNNAMED --add-opens=java.prefs/java.util.prefs=ALL-UNNAMED --add-opens=java.base/java.nio.charset=ALL-UNNAMED --add-opens=java.base/java.net=ALL-UNNAMED --add-opens=java.base/java.util.concurrent.atomic=ALL-UNNAMED -Xmx2048m -Dfile.encoding=UTF-8 -Duser.country=ID -Duser.language=en -Duser.variant 
java_command: org.gradle.launcher.daemon.bootstrap.GradleDaemon 8.0
java_class_path (initial): C:\Users\IMANUEL SEPTIA PUTRA\.gradle\wrapper\dists\gradle-8.0-bin\ca5e32bp14vu59qr306oxotwh\gradle-8.0\lib\gradle-launcher-8.0.jar
Launcher Type: SUN_STANDARD

[Global flags]
     intx CICompilerCount                          = 4                                         {product} {ergonomic}
     uint ConcGCThreads                            = 2                                         {product} {ergonomic}
     uint G1ConcRefinementThreads                  = 8                                         {product} {ergonomic}
   size_t G1HeapRegionSize                         = 1048576                                   {product} {ergonomic}
    uintx GCDrainStackTargetSize                   = 64                                        {product} {ergonomic}
   size_t InitialHeapSize                          = 65011712                                  {product} {ergonomic}
   size_t MarkStackSize                            = 4194304                                   {product} {ergonomic}
   size_t MaxHeapSize                              = 2147483648                                {product} {command line}
   size_t MaxNewSize                               = 1287651328                                {product} {ergonomic}
   size_t MinHeapDeltaBytes                        = 1048576                                   {product} {ergonomic}
   size_t MinHeapSize                              = 8388608                                   {product} {ergonomic}
    uintx NonNMethodCodeHeapSize                   = 5839372                                {pd product} {ergonomic}
    uintx NonProfiledCodeHeapSize                  = 122909434                              {pd product} {ergonomic}
    uintx ProfiledCodeHeapSize                     = 122909434                              {pd product} {ergonomic}
    uintx ReservedCodeCacheSize                    = 251658240                              {pd product} {ergonomic}
     bool SegmentedCodeCache                       = true                                      {product} {ergonomic}
   size_t SoftMaxHeapSize                          = 2147483648                             {manageable} {ergonomic}
     bool UseCompressedClassPointers               = true                           {product lp64_product} {ergonomic}
     bool UseCompressedOops                        = true                           {product lp64_product} {ergonomic}
     bool UseG1GC                                  = true                                      {product} {ergonomic}
     bool UseLargePagesIndividualAllocation        = false                                  {pd product} {ergonomic}

Logging:
Log output configuration:
 #0: stdout all=warning uptime,level,tags
 #1: stderr all=off uptime,level,tags

Environment Variables:
JAVA_HOME=C:\Program Files\Java\jdk-21
PATH=C:\Program Files\Common Files\Oracle\Java\javapath;C:\Program Files (x86)\Common Files\Oracle\Java\javapath;C:\Program Files (x86)\NVIDIA Corporation\PhysX\Common;C:\ProgramData\Oracle\Java\javapath;C:\WINDOWS\system32;C:\WINDOWS;C:\WINDOWS\System32\Wbem;C:\WINDOWS\System32\WindowsPowerShell\v1.0\;C:\WINDOWS\System32\OpenSSH\;C:\FPC\3.2.2\bin\i386-Win32;C:\Program Files\Microsoft VS Code\bin;C:\Program Files\nodejs\;C:\Users\IMANUEL SEPTIA PUTRA\AppData\Local\Microsoft\WindowsApps;C:\AppServ\Apache24\bin;C:\AppServ\php7;C:\AppServ\MySQL\bin;C:\Users\IMANUEL SEPTIA PUTRA\AppData\Roaming\npm;C:\Program Files\Java\jdk-21\bin;
USERNAME=Imanuel S.P Lefta
OS=Windows_NT
PROCESSOR_IDENTIFIER=Intel64 Family 6 Model 140 Stepping 1, GenuineIntel
TMP=C:\Users\IMANUE~1\AppData\Local\Temp
TEMP=C:\Users\IMANUE~1\AppData\Local\Temp



---------------  S Y S T E M  ---------------

OS:
 Windows 11 , 64 bit Build 22000 (10.0.22000.1880)
OS uptime: 0 days 2:08 hours
Hyper-V role detected

CPU: total 8 (initial active 8) (4 cores per cpu, 2 threads per core) family 6 model 140 stepping 1 microcode 0x8a, cx8, cmov, fxsr, ht, mmx, 3dnowpref, sse, sse2, sse3, ssse3, sse4.1, sse4.2, popcnt, lzcnt, tsc, tscinvbit, avx, avx2, aes, erms, clmul, bmi1, bmi2, adx, avx512f, avx512dq, avx512cd, avx512bw, avx512vl, sha, fma, vzeroupper, avx512_vpopcntdq, avx512_vpclmulqdq, avx512_vaes, avx512_vnni, clflush, clflushopt, clwb, avx512_vbmi2, avx512_vbmi, hv

Memory: 4k page, system-wide physical 3875M (70M free)
TotalPageFile size 8775M (AvailPageFile size 5M)
current process WorkingSet (physical memory assigned to process): 413M, peak: 413M
current process commit charge ("private bytes"): 452M, peak: 452M

vm_info: OpenJDK 64-Bit Server VM (17.0.6+0-b2043.56-9586694) for windows-amd64 JRE (17.0.6+0-b2043.56-9586694), built on Feb  9 2023 20:06:20 by "androidbuild" with MS VC++ 16.10 / 16.11 (VS2019)

END.
