#
# There is insufficient memory for the Java Runtime Environment to continue.
# Native memory allocation (mmap) failed to map 30408704 bytes for G1 virtual space
# Possible reasons:
#   The system is out of physical RAM or swap space
#   The process is running with CompressedOops enabled, and the Java Heap may be blocking the growth of the native heap
# Possible solutions:
#   Reduce memory load on the system
#   Increase physical memory or swap space
#   Check if swap backing store is full
#   Decrease Java heap size (-Xmx/-Xms)
#   Decrease number of Java threads
#   Decrease Java thread stack sizes (-Xss)
#   Set larger code cache with -XX:ReservedCodeCacheSize=
#   JVM is running with Unscaled Compressed Oops mode in which the Java heap is
#     placed in the first 4GB address space. The Java Heap base address is the
#     maximum limit for the native heap growth. Please use -XX:HeapBaseMinAddress
#     to set the Java Heap base and to place the Java Heap above 4GB virtual address.
# This output file may be truncated or incomplete.
#
#  Out of Memory Error (os_windows.cpp:3769), pid=8984, tid=11892
#
# JRE version: OpenJDK Runtime Environment (17.0.6) (build 17.0.6+0-b2043.56-9586694)
# Java VM: OpenJDK 64-Bit Server VM (17.0.6+0-b2043.56-9586694, mixed mode, tiered, compressed oops, compressed class ptrs, g1 gc, windows-amd64)
# No core dump will be written. Minidumps are not enabled by default on client versions of Windows
#

---------------  S U M M A R Y ------------

Command Line: org.jetbrains.kotlin.cli.jvm.K2JVMCompiler @E:\Android Project\Praktek\Login\app\build\20240313_17949916081949994773.compiler.options

Host: 11th Gen Intel(R) Core(TM) i5-1135G7 @ 2.40GHz, 8 cores, 3G,  Windows 11 , 64 bit Build 22000 (10.0.22000.1880)
Time: Wed Mar 13 04:09:37 2024 Tokyo Standard Time elapsed time: 40.795425 seconds (0d 0h 0m 40s)

---------------  T H R E A D  ---------------

Current thread (0x00000219fd712720):  VMThread "VM Thread" [stack: 0x0000002eaa200000,0x0000002eaa300000] [id=11892]

Stack: [0x0000002eaa200000,0x0000002eaa300000]
Native frames: (J=compiled Java code, j=interpreted, Vv=VM code, C=native code)
V  [jvm.dll+0x683b4a]
V  [jvm.dll+0x842654]
V  [jvm.dll+0x843dfe]
V  [jvm.dll+0x844463]
V  [jvm.dll+0x249b75]
V  [jvm.dll+0x680a19]
V  [jvm.dll+0x674f0a]
V  [jvm.dll+0x309acb]
V  [jvm.dll+0x310f86]
V  [jvm.dll+0x3608ee]
V  [jvm.dll+0x360b1f]
V  [jvm.dll+0x2dfbf8]
V  [jvm.dll+0x2ddec4]
V  [jvm.dll+0x2dd4cc]
V  [jvm.dll+0x321f3b]
V  [jvm.dll+0x84893b]
V  [jvm.dll+0x849674]
V  [jvm.dll+0x849b8d]
V  [jvm.dll+0x849f64]
V  [jvm.dll+0x84a030]
V  [jvm.dll+0x7f25fa]
V  [jvm.dll+0x682985]
C  [ucrtbase.dll+0x26c0c]
C  [KERNEL32.DLL+0x155a0]
C  [ntdll.dll+0x485b]

VM_Operation (0x0000002ea9cf9310): G1CollectForAllocation, mode: safepoint, requested by thread 0x00000219e60d8a00


---------------  P R O C E S S  ---------------

Threads class SMR info:
_java_thread_list=0x00000219fe265730, length=12, elements={
0x00000219e60d8a00, 0x00000219fd6f88f0, 0x00000219fd6f94a0, 0x00000219fd765010,
0x00000219fd767ad0, 0x00000219fd768480, 0x00000219fd76ae40, 0x00000219fd76caf0,
0x00000219fd76dcb0, 0x00000219fd7701d0, 0x00000219fe262180, 0x00000219fe27ace0
}

Java Threads: ( => current thread )
  0x00000219e60d8a00 JavaThread "main" [_thread_blocked, id=10976, stack(0x0000002ea9c00000,0x0000002ea9d00000)]
  0x00000219fd6f88f0 JavaThread "Reference Handler" daemon [_thread_blocked, id=10700, stack(0x0000002eaa300000,0x0000002eaa400000)]
  0x00000219fd6f94a0 JavaThread "Finalizer" daemon [_thread_blocked, id=11580, stack(0x0000002eaa400000,0x0000002eaa500000)]
  0x00000219fd765010 JavaThread "Signal Dispatcher" daemon [_thread_blocked, id=7840, stack(0x0000002eaa500000,0x0000002eaa600000)]
  0x00000219fd767ad0 JavaThread "Attach Listener" daemon [_thread_blocked, id=8016, stack(0x0000002eaa600000,0x0000002eaa700000)]
  0x00000219fd768480 JavaThread "Service Thread" daemon [_thread_blocked, id=3144, stack(0x0000002eaa700000,0x0000002eaa800000)]
  0x00000219fd76ae40 JavaThread "Monitor Deflation Thread" daemon [_thread_blocked, id=7348, stack(0x0000002eaa800000,0x0000002eaa900000)]
  0x00000219fd76caf0 JavaThread "C2 CompilerThread0" daemon [_thread_blocked, id=2608, stack(0x0000002eaa900000,0x0000002eaaa00000)]
  0x00000219fd76dcb0 JavaThread "C1 CompilerThread0" daemon [_thread_blocked, id=7476, stack(0x0000002eaaa00000,0x0000002eaab00000)]
  0x00000219fd7701d0 JavaThread "Sweeper thread" daemon [_thread_blocked, id=10844, stack(0x0000002eaab00000,0x0000002eaac00000)]
  0x00000219fe262180 JavaThread "Notification Thread" daemon [_thread_blocked, id=10984, stack(0x0000002eaac00000,0x0000002eaad00000)]
  0x00000219fe27ace0 JavaThread "Common-Cleaner" daemon [_thread_blocked, id=2360, stack(0x0000002eaae00000,0x0000002eaaf00000)]

Other Threads:
=>0x00000219fd712720 VMThread "VM Thread" [stack: 0x0000002eaa200000,0x0000002eaa300000] [id=11892]
  0x00000219e612a790 WatcherThread [stack: 0x0000002eaad00000,0x0000002eaae00000] [id=7896]
  0x00000219e6116060 GCTaskThread "GC Thread#0" [stack: 0x0000002ea9d00000,0x0000002ea9e00000] [id=11504]
  0x00000219fe8dfb60 GCTaskThread "GC Thread#1" [stack: 0x0000002eaaf00000,0x0000002eab000000] [id=12072]
  0x00000219fe8d17e0 GCTaskThread "GC Thread#2" [stack: 0x0000002eab000000,0x0000002eab100000] [id=11200]
  0x00000219fe8e4a70 GCTaskThread "GC Thread#3" [stack: 0x0000002eab100000,0x0000002eab200000] [id=10584]
  0x00000219fe8e4d20 GCTaskThread "GC Thread#4" [stack: 0x0000002eab200000,0x0000002eab300000] [id=4924]
  0x00000219fea1e860 GCTaskThread "GC Thread#5" [stack: 0x0000002eab300000,0x0000002eab400000] [id=10132]
  0x00000219feb0cb50 GCTaskThread "GC Thread#6" [stack: 0x0000002eab400000,0x0000002eab500000] [id=4320]
  0x00000219fec8e040 GCTaskThread "GC Thread#7" [stack: 0x0000002eab500000,0x0000002eab600000] [id=10760]
  0x00000219e611e8e0 ConcurrentGCThread "G1 Main Marker" [stack: 0x0000002ea9e00000,0x0000002ea9f00000] [id=11080]
  0x00000219e611f2f0 ConcurrentGCThread "G1 Conc#0" [stack: 0x0000002ea9f00000,0x0000002eaa000000] [id=3328]
  0x00000219fe74c500 ConcurrentGCThread "G1 Conc#1" [stack: 0x0000002eab600000,0x0000002eab700000] [id=6944]
  0x00000219e61716f0 ConcurrentGCThread "G1 Refine#0" [stack: 0x0000002eaa000000,0x0000002eaa100000] [id=2684]
  0x00000219e6171fb0 ConcurrentGCThread "G1 Service" [stack: 0x0000002eaa100000,0x0000002eaa200000] [id=12212]

Threads with active compile tasks:
C2 CompilerThread0    41231 3957   !   4       org.jetbrains.kotlin.storage.LockBasedStorageManager$LockBasedLazyValue::invoke (257 bytes)

VM state: at safepoint (normal execution)

VM Mutex/Monitor currently owned by a thread:  ([mutex/lock_event])
[0x00000219e60d4d40] Threads_lock - owner thread: 0x00000219fd712720
[0x00000219e60d5250] Heap_lock - owner thread: 0x00000219e60d8a00

Heap address: 0x00000000c3600000, size: 970 MB, Compressed Oops mode: 32-bit

CDS archive(s) not mapped
Compressed class space mapped at: 0x0000000100000000-0x0000000140000000, reserved size: 1073741824
Narrow klass base: 0x0000000000000000, Narrow klass shift: 3, Narrow klass range: 0x140000000

GC Precious Log:
 CPUs: 8 total, 8 available
 Memory: 3875M
 Large Page Support: Disabled
 NUMA Support: Disabled
 Compressed Oops: Enabled (32-bit)
 Heap Region Size: 1M
 Heap Min Capacity: 8M
 Heap Initial Capacity: 62M
 Heap Max Capacity: 970M
 Pre-touch: Disabled
 Parallel Workers: 8
 Concurrent Workers: 2
 Concurrent Refinement Workers: 8
 Periodic GC: Disabled

Heap:
 garbage-first heap   total 63488K, used 34226K [0x00000000c3600000, 0x0000000100000000)
  region size 1024K, 2 young (2048K), 2 survivors (2048K)
 Metaspace       used 50868K, committed 51136K, reserved 1097728K
  class space    used 6197K, committed 6336K, reserved 1048576K

Heap Regions: E=young(eden), S=young(survivor), O=old, HS=humongous(starts), HC=humongous(continues), CS=collection set, F=free, OA=open archive, CA=closed archive, TAMS=top-at-mark-start (previous, next)
|   0|0x00000000c3600000, 0x00000000c3700000, 0x00000000c3700000|100%|HS|  |TAMS 0x00000000c3700000, 0x00000000c3700000| Complete 
|   1|0x00000000c3700000, 0x00000000c3800000, 0x00000000c3800000|100%|HC|  |TAMS 0x00000000c3800000, 0x00000000c3800000| Complete 
|   2|0x00000000c3800000, 0x00000000c3900000, 0x00000000c3900000|100%|HC|  |TAMS 0x00000000c3900000, 0x00000000c3900000| Complete 
|   3|0x00000000c3900000, 0x00000000c3a00000, 0x00000000c3a00000|100%| O|  |TAMS 0x00000000c3a00000, 0x00000000c3a00000| Untracked 
|   4|0x00000000c3a00000, 0x00000000c3b00000, 0x00000000c3b00000|100%| O|  |TAMS 0x00000000c3b00000, 0x00000000c3b00000| Untracked 
|   5|0x00000000c3b00000, 0x00000000c3c00000, 0x00000000c3c00000|100%| O|  |TAMS 0x00000000c3c00000, 0x00000000c3c00000| Untracked 
|   6|0x00000000c3c00000, 0x00000000c3d00000, 0x00000000c3d00000|100%| O|  |TAMS 0x00000000c3d00000, 0x00000000c3d00000| Untracked 
|   7|0x00000000c3d00000, 0x00000000c3e00000, 0x00000000c3e00000|100%| O|  |TAMS 0x00000000c3e00000, 0x00000000c3e00000| Untracked 
|   8|0x00000000c3e00000, 0x00000000c3f00000, 0x00000000c3f00000|100%| O|  |TAMS 0x00000000c3f00000, 0x00000000c3f00000| Untracked 
|   9|0x00000000c3f00000, 0x00000000c4000000, 0x00000000c4000000|100%| O|  |TAMS 0x00000000c4000000, 0x00000000c4000000| Untracked 
|  10|0x00000000c4000000, 0x00000000c4100000, 0x00000000c4100000|100%|HS|  |TAMS 0x00000000c4100000, 0x00000000c4100000| Complete 
|  11|0x00000000c4100000, 0x00000000c4200000, 0x00000000c4200000|100%|HC|  |TAMS 0x00000000c4200000, 0x00000000c4200000| Complete 
|  12|0x00000000c4200000, 0x00000000c4300000, 0x00000000c4300000|100%|HC|  |TAMS 0x00000000c4300000, 0x00000000c4300000| Complete 
|  13|0x00000000c4300000, 0x00000000c4400000, 0x00000000c4400000|100%| O|  |TAMS 0x00000000c4400000, 0x00000000c4400000| Untracked 
|  14|0x00000000c4400000, 0x00000000c4500000, 0x00000000c4500000|100%| O|  |TAMS 0x00000000c4500000, 0x00000000c4500000| Untracked 
|  15|0x00000000c4500000, 0x00000000c4600000, 0x00000000c4600000|100%|HS|  |TAMS 0x00000000c4600000, 0x00000000c4600000| Complete 
|  16|0x00000000c4600000, 0x00000000c4700000, 0x00000000c4700000|100%|HC|  |TAMS 0x00000000c4700000, 0x00000000c4700000| Complete 
|  17|0x00000000c4700000, 0x00000000c4800000, 0x00000000c4800000|100%| O|  |TAMS 0x00000000c4800000, 0x00000000c4800000| Untracked 
|  18|0x00000000c4800000, 0x00000000c4900000, 0x00000000c4900000|100%| O|  |TAMS 0x00000000c4900000, 0x00000000c4900000| Untracked 
|  19|0x00000000c4900000, 0x00000000c4a00000, 0x00000000c4a00000|100%| O|  |TAMS 0x00000000c4a00000, 0x00000000c4a00000| Untracked 
|  20|0x00000000c4a00000, 0x00000000c4b00000, 0x00000000c4b00000|100%| O|  |TAMS 0x00000000c4a00000, 0x00000000c4b00000| Untracked 
|  21|0x00000000c4b00000, 0x00000000c4c00000, 0x00000000c4c00000|100%| O|  |TAMS 0x00000000c4c00000, 0x00000000c4c00000| Untracked 
|  22|0x00000000c4c00000, 0x00000000c4d00000, 0x00000000c4d00000|100%| O|  |TAMS 0x00000000c4d00000, 0x00000000c4d00000| Untracked 
|  23|0x00000000c4d00000, 0x00000000c4e00000, 0x00000000c4e00000|100%| O|  |TAMS 0x00000000c4e00000, 0x00000000c4e00000| Untracked 
|  24|0x00000000c4e00000, 0x00000000c4f00000, 0x00000000c4f00000|100%| O|  |TAMS 0x00000000c4f00000, 0x00000000c4f00000| Untracked 
|  25|0x00000000c4f00000, 0x00000000c5000000, 0x00000000c5000000|100%| O|  |TAMS 0x00000000c5000000, 0x00000000c5000000| Untracked 
|  26|0x00000000c5000000, 0x00000000c5100000, 0x00000000c5100000|100%| O|  |TAMS 0x00000000c5003200, 0x00000000c5100000| Untracked 
|  27|0x00000000c5100000, 0x00000000c5200000, 0x00000000c5200000|100%| O|  |TAMS 0x00000000c5100000, 0x00000000c5200000| Untracked 
|  28|0x00000000c5200000, 0x00000000c5300000, 0x00000000c5300000|100%| O|  |TAMS 0x00000000c5200000, 0x00000000c5300000| Untracked 
|  29|0x00000000c5300000, 0x00000000c5400000, 0x00000000c5400000|100%| O|  |TAMS 0x00000000c5300000, 0x00000000c5400000| Untracked 
|  30|0x00000000c5400000, 0x00000000c5500000, 0x00000000c5500000|100%| O|  |TAMS 0x00000000c5400000, 0x00000000c54c8c08| Untracked 
|  31|0x00000000c5500000, 0x00000000c556c800, 0x00000000c5600000| 42%| O|  |TAMS 0x00000000c5500000, 0x00000000c5500000| Untracked 
|  32|0x00000000c5600000, 0x00000000c5600000, 0x00000000c5700000|  0%| F|  |TAMS 0x00000000c5600000, 0x00000000c5600000| Untracked 
|  33|0x00000000c5700000, 0x00000000c5700000, 0x00000000c5800000|  0%| F|  |TAMS 0x00000000c5700000, 0x00000000c5700000| Untracked 
|  34|0x00000000c5800000, 0x00000000c5800000, 0x00000000c5900000|  0%| F|  |TAMS 0x00000000c5800000, 0x00000000c5800000| Untracked 
|  35|0x00000000c5900000, 0x00000000c5900000, 0x00000000c5a00000|  0%| F|  |TAMS 0x00000000c5900000, 0x00000000c5900000| Untracked 
|  36|0x00000000c5a00000, 0x00000000c5a00000, 0x00000000c5b00000|  0%| F|  |TAMS 0x00000000c5a00000, 0x00000000c5a00000| Untracked 
|  37|0x00000000c5b00000, 0x00000000c5b00000, 0x00000000c5c00000|  0%| F|  |TAMS 0x00000000c5b00000, 0x00000000c5b00000| Untracked 
|  38|0x00000000c5c00000, 0x00000000c5c00000, 0x00000000c5d00000|  0%| F|  |TAMS 0x00000000c5c00000, 0x00000000c5c00000| Untracked 
|  39|0x00000000c5d00000, 0x00000000c5d00000, 0x00000000c5e00000|  0%| F|  |TAMS 0x00000000c5d00000, 0x00000000c5d00000| Untracked 
|  40|0x00000000c5e00000, 0x00000000c5e00000, 0x00000000c5f00000|  0%| F|  |TAMS 0x00000000c5e00000, 0x00000000c5e00000| Untracked 
|  41|0x00000000c5f00000, 0x00000000c6000000, 0x00000000c6000000|100%| S|CS|TAMS 0x00000000c5f00000, 0x00000000c5f00000| Complete 
|  42|0x00000000c6000000, 0x00000000c6100000, 0x00000000c6100000|100%| S|CS|TAMS 0x00000000c6000000, 0x00000000c6000000| Complete 
|  43|0x00000000c6100000, 0x00000000c6100000, 0x00000000c6200000|  0%| F|  |TAMS 0x00000000c6100000, 0x00000000c6100000| Untracked 
|  44|0x00000000c6200000, 0x00000000c6200000, 0x00000000c6300000|  0%| F|  |TAMS 0x00000000c6200000, 0x00000000c6200000| Untracked 
|  45|0x00000000c6300000, 0x00000000c6300000, 0x00000000c6400000|  0%| F|  |TAMS 0x00000000c6300000, 0x00000000c6300000| Untracked 
|  46|0x00000000c6400000, 0x00000000c6400000, 0x00000000c6500000|  0%| F|  |TAMS 0x00000000c6400000, 0x00000000c6400000| Untracked 
|  47|0x00000000c6500000, 0x00000000c6500000, 0x00000000c6600000|  0%| F|  |TAMS 0x00000000c6500000, 0x00000000c6500000| Untracked 
|  48|0x00000000c6600000, 0x00000000c6600000, 0x00000000c6700000|  0%| F|  |TAMS 0x00000000c6600000, 0x00000000c6600000| Untracked 
|  49|0x00000000c6700000, 0x00000000c6700000, 0x00000000c6800000|  0%| F|  |TAMS 0x00000000c6700000, 0x00000000c6700000| Untracked 
|  50|0x00000000c6800000, 0x00000000c6800000, 0x00000000c6900000|  0%| F|  |TAMS 0x00000000c6800000, 0x00000000c6800000| Untracked 
|  51|0x00000000c6900000, 0x00000000c6900000, 0x00000000c6a00000|  0%| F|  |TAMS 0x00000000c6900000, 0x00000000c6900000| Untracked 
|  52|0x00000000c6a00000, 0x00000000c6a00000, 0x00000000c6b00000|  0%| F|  |TAMS 0x00000000c6a00000, 0x00000000c6a00000| Untracked 
|  53|0x00000000c6b00000, 0x00000000c6b00000, 0x00000000c6c00000|  0%| F|  |TAMS 0x00000000c6b00000, 0x00000000c6b00000| Untracked 
|  54|0x00000000c6c00000, 0x00000000c6c00000, 0x00000000c6d00000|  0%| F|  |TAMS 0x00000000c6c00000, 0x00000000c6c00000| Untracked 
|  55|0x00000000c6d00000, 0x00000000c6d00000, 0x00000000c6e00000|  0%| F|  |TAMS 0x00000000c6d00000, 0x00000000c6d00000| Untracked 
|  56|0x00000000c6e00000, 0x00000000c6e00000, 0x00000000c6f00000|  0%| F|  |TAMS 0x00000000c6e00000, 0x00000000c6e00000| Untracked 
|  57|0x00000000c6f00000, 0x00000000c6f00000, 0x00000000c7000000|  0%| F|  |TAMS 0x00000000c6f00000, 0x00000000c6f00000| Untracked 
|  58|0x00000000c7000000, 0x00000000c7000000, 0x00000000c7100000|  0%| F|  |TAMS 0x00000000c7000000, 0x00000000c7000000| Untracked 
|  59|0x00000000c7100000, 0x00000000c7100000, 0x00000000c7200000|  0%| F|  |TAMS 0x00000000c7100000, 0x00000000c7100000| Untracked 
|  60|0x00000000c7200000, 0x00000000c7200000, 0x00000000c7300000|  0%| F|  |TAMS 0x00000000c7200000, 0x00000000c7200000| Untracked 
|  61|0x00000000c7300000, 0x00000000c7300000, 0x00000000c7400000|  0%| F|  |TAMS 0x00000000c7300000, 0x00000000c7300000| Untracked 

Card table byte_map: [0x00000219f8ac0000,0x00000219f8cb0000] _byte_map_base: 0x00000219f84a5000

Marking Bits (Prev, Next): (CMBitMap*) 0x00000219e6116670, (CMBitMap*) 0x00000219e61166b0
 Prev Bits: [0x00000219f8ea0000, 0x00000219f9dc8000)
 Next Bits: [0x00000219f9dd0000, 0x00000219facf8000)

Polling page: 0x00000219e58a0000

Metaspace:

Usage:
  Non-class:     43.62 MB used.
      Class:      6.05 MB used.
       Both:     49.68 MB used.

Virtual space:
  Non-class space:       48.00 MB reserved,      43.75 MB ( 91%) committed,  6 nodes.
      Class space:        1.00 GB reserved,       6.19 MB ( <1%) committed,  1 nodes.
             Both:        1.05 GB reserved,      49.94 MB (  5%) committed. 

Chunk freelists:
   Non-Class:  3.78 MB
       Class:  1.72 MB
        Both:  5.50 MB

MaxMetaspaceSize: unlimited
CompressedClassSpaceSize: 1.00 GB
Initial GC threshold: 21.00 MB
Current GC threshold: 79.19 MB
CDS: off
MetaspaceReclaimPolicy: balanced
 - commit_granule_bytes: 65536.
 - commit_granule_words: 8192.
 - virtual_space_node_default_size: 1048576.
 - enlarge_chunks_in_place: 1.
 - new_chunks_are_fully_committed: 0.
 - uncommit_free_chunks: 1.
 - use_allocation_guard: 0.
 - handle_deallocations: 1.


Internal statistics:

num_allocs_failed_limit: 6.
num_arena_births: 206.
num_arena_deaths: 0.
num_vsnodes_births: 7.
num_vsnodes_deaths: 0.
num_space_committed: 798.
num_space_uncommitted: 0.
num_chunks_returned_to_freelist: 6.
num_chunks_taken_from_freelist: 1638.
num_chunk_merges: 6.
num_chunk_splits: 1323.
num_chunks_enlarged: 1183.
num_purges: 0.
num_inconsistent_stats: 0.

CodeHeap 'non-profiled nmethods': size=120000Kb used=1879Kb max_used=1879Kb free=118121Kb
 bounds [0x00000219f1070000, 0x00000219f12e0000, 0x00000219f85a0000]
CodeHeap 'profiled nmethods': size=120000Kb used=8051Kb max_used=8051Kb free=111948Kb
 bounds [0x00000219e95a0000, 0x00000219e9d80000, 0x00000219f0ad0000]
CodeHeap 'non-nmethods': size=5760Kb used=1295Kb max_used=1332Kb free=4464Kb
 bounds [0x00000219f0ad0000, 0x00000219f0d40000, 0x00000219f1070000]
 total_blobs=4569 nmethods=3966 adapters=515
 compilation: enabled
              stopped_count=0, restarted_count=0
 full_count=0

Compilation events (20 events):
Event: 40.443 Thread 0x00000219fd76dcb0 3975       3       java.util.regex.Matcher::match (154 bytes)
Event: 40.443 Thread 0x00000219fd76dcb0 nmethod 3975 0x00000219e9d79290 code [0x00000219e9d79460, 0x00000219e9d799d8]
Event: 40.444 Thread 0x00000219fd76caf0 nmethod 3906 0x00000219f1244490 code [0x00000219f1244660, 0x00000219f1245138]
Event: 40.444 Thread 0x00000219fd76caf0 3957   !   4       org.jetbrains.kotlin.storage.LockBasedStorageManager$LockBasedLazyValue::invoke (257 bytes)
Event: 40.444 Thread 0x00000219fd76dcb0 3976       1       org.jetbrains.kotlin.load.java.lazy.JavaResolverComponents::getSourceElementFactory (5 bytes)
Event: 40.444 Thread 0x00000219fd76dcb0 nmethod 3976 0x00000219f1245610 code [0x00000219f12457a0, 0x00000219f1245878]
Event: 40.444 Thread 0x00000219fd76dcb0 3977       3       org.jetbrains.kotlin.types.checker.SimpleClassicTypeSystemContext::lowerBoundIfFlexible (6 bytes)
Event: 40.444 Thread 0x00000219fd76dcb0 nmethod 3977 0x00000219e9d79c10 code [0x00000219e9d79ec0, 0x00000219e9d7a9c8]
Event: 40.444 Thread 0x00000219fd76dcb0 3978       3       java.util.ArrayList::indexOfRange (71 bytes)
Event: 40.445 Thread 0x00000219fd76dcb0 nmethod 3978 0x00000219e9d7ae10 code [0x00000219e9d7afe0, 0x00000219e9d7b4a8]
Event: 40.445 Thread 0x00000219fd76dcb0 3979       3       org.jetbrains.kotlin.types.AbstractTypeConstructor::getSupertypes (16 bytes)
Event: 40.445 Thread 0x00000219fd76dcb0 nmethod 3979 0x00000219e9d7b690 code [0x00000219e9d7b840, 0x00000219e9d7bb08]
Event: 40.445 Thread 0x00000219fd76dcb0 3980       3       org.jetbrains.kotlin.types.AbstractTypeConstructor::getSupertypes (8 bytes)
Event: 40.445 Thread 0x00000219fd76dcb0 nmethod 3980 0x00000219e9d7bc10 code [0x00000219e9d7bde0, 0x00000219e9d7c288]
Event: 40.445 Thread 0x00000219fd76dcb0 3981       3       org.jetbrains.kotlin.types.TypeSubstitutor::getSubstitution (14 bytes)
Event: 40.445 Thread 0x00000219fd76dcb0 nmethod 3981 0x00000219e9d7c410 code [0x00000219e9d7c5c0, 0x00000219e9d7c748]
Event: 40.445 Thread 0x00000219fd76dcb0 3983       3       org.jetbrains.kotlin.types.TypeSubstitutor::isEmpty (8 bytes)
Event: 40.445 Thread 0x00000219fd76dcb0 nmethod 3983 0x00000219e9d7c810 code [0x00000219e9d7c9c0, 0x00000219e9d7cb88]
Event: 40.445 Thread 0x00000219fd76dcb0 3982       1       org.jetbrains.kotlin.util.CheckResult::isSuccess (5 bytes)
Event: 40.445 Thread 0x00000219fd76dcb0 nmethod 3982 0x00000219f1245910 code [0x00000219f1245aa0, 0x00000219f1245b78]

GC Heap History (20 events):
Event: 29.615 GC heap after
{Heap after GC invocations=8 (full 0):
 garbage-first heap   total 40960K, used 21157K [0x00000000c3600000, 0x0000000100000000)
  region size 1024K, 2 young (2048K), 2 survivors (2048K)
 Metaspace       used 34365K, committed 34560K, reserved 1081344K
  class space    used 4380K, committed 4480K, reserved 1048576K
}
Event: 30.296 GC heap before
{Heap before GC invocations=8 (full 0):
 garbage-first heap   total 40960K, used 27301K [0x00000000c3600000, 0x0000000100000000)
  region size 1024K, 9 young (9216K), 2 survivors (2048K)
 Metaspace       used 35978K, committed 36160K, reserved 1081344K
  class space    used 4564K, committed 4672K, reserved 1048576K
}
Event: 30.300 GC heap after
{Heap after GC invocations=9 (full 0):
 garbage-first heap   total 40960K, used 22311K [0x00000000c3600000, 0x0000000100000000)
  region size 1024K, 1 young (1024K), 1 survivors (1024K)
 Metaspace       used 35978K, committed 36160K, reserved 1081344K
  class space    used 4564K, committed 4672K, reserved 1048576K
}
Event: 31.792 GC heap before
{Heap before GC invocations=10 (full 0):
 garbage-first heap   total 40960K, used 31527K [0x00000000c3600000, 0x0000000100000000)
  region size 1024K, 11 young (11264K), 1 survivors (1024K)
 Metaspace       used 37822K, committed 38080K, reserved 1089536K
  class space    used 4800K, committed 4928K, reserved 1048576K
}
Event: 31.795 GC heap after
{Heap after GC invocations=11 (full 0):
 garbage-first heap   total 40960K, used 23552K [0x00000000c3600000, 0x0000000100000000)
  region size 1024K, 2 young (2048K), 2 survivors (2048K)
 Metaspace       used 37822K, committed 38080K, reserved 1089536K
  class space    used 4800K, committed 4928K, reserved 1048576K
}
Event: 31.904 GC heap before
{Heap before GC invocations=11 (full 0):
 garbage-first heap   total 40960K, used 24576K [0x00000000c3600000, 0x0000000100000000)
  region size 1024K, 3 young (3072K), 2 survivors (2048K)
 Metaspace       used 37966K, committed 38208K, reserved 1089536K
  class space    used 4813K, committed 4928K, reserved 1048576K
}
Event: 31.908 GC heap after
{Heap after GC invocations=12 (full 0):
 garbage-first heap   total 40960K, used 23748K [0x00000000c3600000, 0x0000000100000000)
  region size 1024K, 1 young (1024K), 1 survivors (1024K)
 Metaspace       used 37966K, committed 38208K, reserved 1089536K
  class space    used 4813K, committed 4928K, reserved 1048576K
}
Event: 33.361 GC heap before
{Heap before GC invocations=12 (full 0):
 garbage-first heap   total 40960K, used 30916K [0x00000000c3600000, 0x0000000100000000)
  region size 1024K, 9 young (9216K), 1 survivors (1024K)
 Metaspace       used 39549K, committed 39744K, reserved 1089536K
  class space    used 4987K, committed 5056K, reserved 1048576K
}
Event: 33.364 GC heap after
{Heap after GC invocations=13 (full 0):
 garbage-first heap   total 58368K, used 24442K [0x00000000c3600000, 0x0000000100000000)
  region size 1024K, 2 young (2048K), 2 survivors (2048K)
 Metaspace       used 39549K, committed 39744K, reserved 1089536K
  class space    used 4987K, committed 5056K, reserved 1048576K
}
Event: 35.448 GC heap before
{Heap before GC invocations=14 (full 0):
 garbage-first heap   total 58368K, used 42874K [0x00000000c3600000, 0x0000000100000000)
  region size 1024K, 21 young (21504K), 2 survivors (2048K)
 Metaspace       used 43436K, committed 43712K, reserved 1089536K
  class space    used 5342K, committed 5440K, reserved 1048576K
}
Event: 35.452 GC heap after
{Heap after GC invocations=15 (full 0):
 garbage-first heap   total 58368K, used 25996K [0x00000000c3600000, 0x0000000100000000)
  region size 1024K, 3 young (3072K), 3 survivors (3072K)
 Metaspace       used 43436K, committed 43712K, reserved 1089536K
  class space    used 5342K, committed 5440K, reserved 1048576K
}
Event: 36.076 GC heap before
{Heap before GC invocations=15 (full 0):
 garbage-first heap   total 58368K, used 27020K [0x00000000c3600000, 0x0000000100000000)
  region size 1024K, 4 young (4096K), 3 survivors (3072K)
 Metaspace       used 43676K, committed 43904K, reserved 1089536K
  class space    used 5381K, committed 5440K, reserved 1048576K
}
Event: 36.080 GC heap after
{Heap after GC invocations=16 (full 0):
 garbage-first heap   total 58368K, used 26068K [0x00000000c3600000, 0x0000000100000000)
  region size 1024K, 1 young (1024K), 1 survivors (1024K)
 Metaspace       used 43676K, committed 43904K, reserved 1089536K
  class space    used 5381K, committed 5440K, reserved 1048576K
}
Event: 39.065 GC heap before
{Heap before GC invocations=16 (full 0):
 garbage-first heap   total 58368K, used 44500K [0x00000000c3600000, 0x0000000100000000)
  region size 1024K, 19 young (19456K), 1 survivors (1024K)
 Metaspace       used 48397K, committed 48640K, reserved 1097728K
  class space    used 5957K, committed 6080K, reserved 1048576K
}
Event: 39.068 GC heap after
{Heap after GC invocations=17 (full 0):
 garbage-first heap   total 58368K, used 27580K [0x00000000c3600000, 0x0000000100000000)
  region size 1024K, 2 young (2048K), 2 survivors (2048K)
 Metaspace       used 48397K, committed 48640K, reserved 1097728K
  class space    used 5957K, committed 6080K, reserved 1048576K
}
Event: 39.366 GC heap before
{Heap before GC invocations=18 (full 0):
 garbage-first heap   total 58368K, used 46012K [0x00000000c3600000, 0x0000000100000000)
  region size 1024K, 19 young (19456K), 2 survivors (2048K)
 Metaspace       used 49077K, committed 49408K, reserved 1097728K
  class space    used 6002K, committed 6144K, reserved 1048576K
}
Event: 39.372 GC heap after
{Heap after GC invocations=19 (full 0):
 garbage-first heap   total 58368K, used 31998K [0x00000000c3600000, 0x0000000100000000)
  region size 1024K, 3 young (3072K), 3 survivors (3072K)
 Metaspace       used 49077K, committed 49408K, reserved 1097728K
  class space    used 6002K, committed 6144K, reserved 1048576K
}
Event: 39.395 GC heap before
{Heap before GC invocations=19 (full 0):
 garbage-first heap   total 58368K, used 44286K [0x00000000c3600000, 0x0000000100000000)
  region size 1024K, 15 young (15360K), 3 survivors (3072K)
 Metaspace       used 49136K, committed 49408K, reserved 1097728K
  class space    used 6002K, committed 6144K, reserved 1048576K
}
Event: 39.399 GC heap after
{Heap after GC invocations=20 (full 0):
 garbage-first heap   total 58368K, used 33260K [0x00000000c3600000, 0x0000000100000000)
  region size 1024K, 2 young (2048K), 2 survivors (2048K)
 Metaspace       used 49136K, committed 49408K, reserved 1097728K
  class space    used 6002K, committed 6144K, reserved 1048576K
}
Event: 40.446 GC heap before
{Heap before GC invocations=20 (full 0):
 garbage-first heap   total 58368K, used 44524K [0x00000000c3600000, 0x0000000100000000)
  region size 1024K, 14 young (14336K), 2 survivors (2048K)
 Metaspace       used 50868K, committed 51136K, reserved 1097728K
  class space    used 6197K, committed 6336K, reserved 1048576K
}

Dll operation events (2 events):
Event: 0.004 Loaded shared library C:\Program Files\Android\Android Studio\jbr\bin\java.dll
Event: 6.079 Loaded shared library C:\Program Files\Android\Android Studio\jbr\bin\verify.dll

Deoptimization events (20 events):
Event: 39.745 Thread 0x00000219e60d8a00 Uncommon trap: trap_request=0xffffff45 fr.pc=0x00000219f1208ea8 relative=0x00000000000033c8
Event: 39.745 Thread 0x00000219e60d8a00 Uncommon trap: reason=unstable_if action=reinterpret pc=0x00000219f1208ea8 method=org.jetbrains.kotlin.load.java.structure.impl.classFiles.BinaryJavaClass.visitMethod(ILjava/lang/String;Ljava/lang/String;Ljava/lang/String;[Ljava/lang/String;)Lorg/jetbrain
Event: 39.745 Thread 0x00000219e60d8a00 DEOPT PACKING pc=0x00000219f1208ea8 sp=0x0000002ea9cfad30
Event: 39.745 Thread 0x00000219e60d8a00 DEOPT UNPACKING pc=0x00000219f0b2a1a3 sp=0x0000002ea9cfac00 mode 2
Event: 40.154 Thread 0x00000219e60d8a00 Uncommon trap: trap_request=0xffffffde fr.pc=0x00000219f11ffecc relative=0x000000000000032c
Event: 40.154 Thread 0x00000219e60d8a00 Uncommon trap: reason=class_check action=maybe_recompile pc=0x00000219f11ffecc method=kotlin.SynchronizedLazyImpl.getValue()Ljava/lang/Object; @ 54 c2
Event: 40.154 Thread 0x00000219e60d8a00 DEOPT PACKING pc=0x00000219f11ffecc sp=0x0000002ea9cfb360
Event: 40.154 Thread 0x00000219e60d8a00 DEOPT UNPACKING pc=0x00000219f0b2a1a3 sp=0x0000002ea9cfb300 mode 2
Event: 40.154 Thread 0x00000219e60d8a00 Uncommon trap: trap_request=0xffffffde fr.pc=0x00000219f11ffecc relative=0x000000000000032c
Event: 40.154 Thread 0x00000219e60d8a00 Uncommon trap: reason=class_check action=maybe_recompile pc=0x00000219f11ffecc method=kotlin.SynchronizedLazyImpl.getValue()Ljava/lang/Object; @ 54 c2
Event: 40.154 Thread 0x00000219e60d8a00 DEOPT PACKING pc=0x00000219f11ffecc sp=0x0000002ea9cfb0f0
Event: 40.154 Thread 0x00000219e60d8a00 DEOPT UNPACKING pc=0x00000219f0b2a1a3 sp=0x0000002ea9cfb090 mode 2
Event: 40.299 Thread 0x00000219e60d8a00 Uncommon trap: trap_request=0xffffffde fr.pc=0x00000219f11ffecc relative=0x000000000000032c
Event: 40.299 Thread 0x00000219e60d8a00 Uncommon trap: reason=class_check action=maybe_recompile pc=0x00000219f11ffecc method=kotlin.SynchronizedLazyImpl.getValue()Ljava/lang/Object; @ 54 c2
Event: 40.299 Thread 0x00000219e60d8a00 DEOPT PACKING pc=0x00000219f11ffecc sp=0x0000002ea9cfbef0
Event: 40.299 Thread 0x00000219e60d8a00 DEOPT UNPACKING pc=0x00000219f0b2a1a3 sp=0x0000002ea9cfbe90 mode 2
Event: 40.324 Thread 0x00000219e60d8a00 Uncommon trap: trap_request=0xffffff45 fr.pc=0x00000219f1200fec relative=0x000000000000082c
Event: 40.324 Thread 0x00000219e60d8a00 Uncommon trap: reason=unstable_if action=reinterpret pc=0x00000219f1200fec method=gnu.trove.TObjectHash.insertionIndex(Ljava/lang/Object;)I @ 65 c2
Event: 40.324 Thread 0x00000219e60d8a00 DEOPT PACKING pc=0x00000219f1200fec sp=0x0000002ea9cfd8c0
Event: 40.324 Thread 0x00000219e60d8a00 DEOPT UNPACKING pc=0x00000219f0b2a1a3 sp=0x0000002ea9cfd830 mode 2

Classes unloaded (0 events):
No events

Classes redefined (0 events):
No events

Internal exceptions (20 events):
Event: 5.500 Thread 0x00000219e60d8a00 Exception <a 'java/lang/NoSuchMethodError'{0x00000000c609c0b0}: 'int java.lang.invoke.DelegatingMethodHandle$Holder.reinvoke_L(java.lang.Object, java.lang.Object, java.lang.Object, long, int)'> (0x00000000c609c0b0) 
thrown [s\src\hotspot\share\interpreter\linkResolver.cpp, line 771]
Event: 6.129 Thread 0x00000219e60d8a00 Exception <a 'java/lang/NoSuchMethodError'{0x00000000c590f7b8}: 'java.lang.Object java.lang.invoke.DirectMethodHandle$Holder.invokeStaticInit(java.lang.Object)'> (0x00000000c590f7b8) 
thrown [s\src\hotspot\share\interpreter\linkResolver.cpp, line 771]
Event: 7.483 Thread 0x00000219e60d8a00 Exception <a 'java/lang/NoSuchMethodError'{0x00000000c6e29610}: 'java.lang.Object java.lang.invoke.DirectMethodHandle$Holder.invokeStaticInit(java.lang.Object, int)'> (0x00000000c6e29610) 
thrown [s\src\hotspot\share\interpreter\linkResolver.cpp, line 771]
Event: 7.535 Thread 0x00000219e60d8a00 Exception <a 'java/lang/NoSuchMethodError'{0x00000000c737ce10}: 'void java.lang.invoke.DirectMethodHandle$Holder.invokeStatic(java.lang.Object, java.lang.Object)'> (0x00000000c737ce10) 
thrown [s\src\hotspot\share\interpreter\linkResolver.cpp, line 771]
Event: 7.647 Thread 0x00000219e60d8a00 Exception <a 'java/lang/NoSuchMethodError'{0x00000000c5bb4bf8}: 'long java.lang.invoke.DirectMethodHandle$Holder.invokeStatic(java.lang.Object)'> (0x00000000c5bb4bf8) 
thrown [s\src\hotspot\share\interpreter\linkResolver.cpp, line 771]
Event: 7.647 Thread 0x00000219e60d8a00 Exception <a 'java/lang/NoSuchMethodError'{0x00000000c5bb8350}: 'long java.lang.invoke.DirectMethodHandle$Holder.invokeStaticInit(java.lang.Object)'> (0x00000000c5bb8350) 
thrown [s\src\hotspot\share\interpreter\linkResolver.cpp, line 771]
Event: 8.006 Thread 0x00000219e60d8a00 Exception <a 'java/lang/NoSuchMethodError'{0x00000000c5735328}: 'int java.lang.invoke.DirectMethodHandle$Holder.invokeStaticInit(java.lang.Object, java.lang.Object, java.lang.Object)'> (0x00000000c5735328) 
thrown [s\src\hotspot\share\interpreter\linkResolver.cpp, line 771]
Event: 8.008 Thread 0x00000219e60d8a00 Exception <a 'java/lang/NoSuchMethodError'{0x00000000c575cfb0}: 'int java.lang.invoke.DirectMethodHandle$Holder.invokeStaticInit(java.lang.Object, java.lang.Object)'> (0x00000000c575cfb0) 
thrown [s\src\hotspot\share\interpreter\linkResolver.cpp, line 771]
Event: 8.193 Thread 0x00000219e60d8a00 Exception <a 'java/lang/NoSuchMethodError'{0x00000000c5637510}: 'void java.lang.invoke.DirectMethodHandle$Holder.invokeSpecial(java.lang.Object, java.lang.Object, java.lang.Object)'> (0x00000000c5637510) 
thrown [s\src\hotspot\share\interpreter\linkResolver.cpp, line 771]
Event: 9.047 Thread 0x00000219e60d8a00 Exception <a 'java/lang/NoSuchMethodError'{0x00000000c4a195a0}: 'void java.lang.invoke.DirectMethodHandle$Holder.invokeStatic(java.lang.Object, java.lang.Object, java.lang.Object, java.lang.Object)'> (0x00000000c4a195a0) 
thrown [s\src\hotspot\share\interpreter\linkResolver.cpp, line 771]
Event: 9.911 Thread 0x00000219e60d8a00 Exception <a 'java/lang/NoSuchMethodError'{0x00000000c73c1660}: 'void java.lang.invoke.DirectMethodHandle$Holder.invokeStaticInit(java.lang.Object, java.lang.Object)'> (0x00000000c73c1660) 
thrown [s\src\hotspot\share\interpreter\linkResolver.cpp, line 771]
Event: 10.840 Thread 0x00000219e60d8a00 Exception <a 'java/lang/NoSuchMethodError'{0x00000000c5881270}: 'void java.lang.invoke.DirectMethodHandle$Holder.invokeVirtual(java.lang.Object, java.lang.Object)'> (0x00000000c5881270) 
thrown [s\src\hotspot\share\interpreter\linkResolver.cpp, line 771]
Event: 10.919 Thread 0x00000219e60d8a00 Exception <a 'java/lang/NoSuchMethodError'{0x00000000c57020d0}: 'int java.lang.invoke.DirectMethodHandle$Holder.invokeVirtual(java.lang.Object, java.lang.Object)'> (0x00000000c57020d0) 
thrown [s\src\hotspot\share\interpreter\linkResolver.cpp, line 771]
Event: 10.977 Thread 0x00000219e60d8a00 Exception <a 'java/lang/NoSuchMethodError'{0x00000000c57b5668}: 'java.lang.Object java.lang.invoke.Invokers$Holder.invokeExact_MT(java.lang.Object, java.lang.Object, java.lang.Object, java.lang.Object, java.lang.Object, java.lang.Object)'> (0x00000000c57b5668) 
thrown [s\src\hotspot\share\interpreter\linkResolver.cpp, line 771]
Event: 30.634 Thread 0x00000219e60d8a00 Exception <a 'java/lang/NoSuchMethodError'{0x00000000c5933290}: 'java.lang.Object java.lang.invoke.DirectMethodHandle$Holder.invokeVirtual(java.lang.Object, java.lang.Object, java.lang.Object)'> (0x00000000c5933290) 
thrown [s\src\hotspot\share\interpreter\linkResolver.cpp, line 771]
Event: 37.369 Thread 0x00000219e60d8a00 Exception <a 'java/lang/NoSuchMethodError'{0x00000000c68d1f30}: 'java.lang.Object java.lang.invoke.DirectMethodHandle$Holder.newInvokeSpecial(java.lang.Object, java.lang.Object, java.lang.Object, int)'> (0x00000000c68d1f30) 
thrown [s\src\hotspot\share\interpreter\linkResolver.cpp, line 771]
Event: 37.369 Thread 0x00000219e60d8a00 Exception <a 'java/lang/NoSuchMethodError'{0x00000000c68d65b8}: 'java.lang.Object java.lang.invoke.DirectMethodHandle$Holder.invokeSpecial(java.lang.Object, java.lang.Object, java.lang.Object, java.lang.Object, int)'> (0x00000000c68d65b8) 
thrown [s\src\hotspot\share\interpreter\linkResolver.cpp, line 771]
Event: 37.369 Thread 0x00000219e60d8a00 Exception <a 'java/lang/NoSuchMethodError'{0x00000000c68da428}: 'java.lang.Object java.lang.invoke.Invokers$Holder.linkToTargetMethod(java.lang.Object, java.lang.Object, int, java.lang.Object)'> (0x00000000c68da428) 
thrown [s\src\hotspot\share\interpreter\linkResolver.cpp, line 771]
Event: 38.536 Thread 0x00000219e60d8a00 Exception <a 'java/lang/NoSuchMethodError'{0x00000000c607f128}: 'java.lang.Object java.lang.invoke.DirectMethodHandle$Holder.invokeInterface(java.lang.Object, java.lang.Object)'> (0x00000000c607f128) 
thrown [s\src\hotspot\share\interpreter\linkResolver.cpp, line 771]
Event: 38.537 Thread 0x00000219e60d8a00 Exception <a 'java/lang/NoSuchMethodError'{0x00000000c608de40}: 'java.lang.Object java.lang.invoke.DirectMethodHandle$Holder.newInvokeSpecial(java.lang.Object, java.lang.Object, int)'> (0x00000000c608de40) 
thrown [s\src\hotspot\share\interpreter\linkResolver.cpp, line 771]

VM Operations (20 events):
Event: 39.068 Executing VM operation: G1CollectForAllocation done
Event: 39.082 Executing VM operation: G1Concurrent
Event: 39.084 Executing VM operation: G1Concurrent done
Event: 39.089 Executing VM operation: G1Concurrent
Event: 39.090 Executing VM operation: G1Concurrent done
Event: 39.114 Executing VM operation: HandshakeAllThreads
Event: 39.115 Executing VM operation: HandshakeAllThreads done
Event: 39.206 Executing VM operation: HandshakeAllThreads
Event: 39.206 Executing VM operation: HandshakeAllThreads done
Event: 39.365 Executing VM operation: G1CollectForAllocation
Event: 39.372 Executing VM operation: G1CollectForAllocation done
Event: 39.395 Executing VM operation: G1CollectForAllocation
Event: 39.399 Executing VM operation: G1CollectForAllocation done
Event: 39.552 Executing VM operation: HandshakeAllThreads
Event: 39.552 Executing VM operation: HandshakeAllThreads done
Event: 39.742 Executing VM operation: HandshakeAllThreads
Event: 39.742 Executing VM operation: HandshakeAllThreads done
Event: 40.442 Executing VM operation: ICBufferFull
Event: 40.443 Executing VM operation: ICBufferFull done
Event: 40.446 Executing VM operation: G1CollectForAllocation

Events (20 events):
Event: 37.458 loading class java/util/AbstractList$SubList$1
Event: 37.458 loading class java/util/AbstractList$SubList$1 done
Event: 37.458 loading class java/util/AbstractList$ListItr
Event: 37.458 loading class java/util/AbstractList$ListItr done
Event: 37.684 loading class java/security/CodeSigner
Event: 37.684 loading class java/security/CodeSigner done
Event: 38.126 loading class java/text/StringCharacterIterator
Event: 38.126 loading class java/text/CharacterIterator
Event: 38.144 loading class java/text/CharacterIterator done
Event: 38.144 loading class java/text/StringCharacterIterator done
Event: 38.944 loading class java/util/Collections$SingletonMap
Event: 38.944 loading class java/util/Collections$SingletonMap done
Event: 39.837 loading class java/util/AbstractList$RandomAccessSpliterator
Event: 39.837 loading class java/util/AbstractList$RandomAccessSpliterator done
Event: 39.838 loading class java/util/stream/ReferencePipeline$2
Event: 39.838 loading class java/util/stream/ReferencePipeline$2 done
Event: 39.839 loading class java/util/stream/ReferencePipeline$2$1
Event: 39.839 loading class java/util/stream/ReferencePipeline$2$1 done
Event: 39.932 loading class java/util/function/IntUnaryOperator
Event: 39.932 loading class java/util/function/IntUnaryOperator done


Dynamic libraries:
0x00007ff7fb850000 - 0x00007ff7fb85a000 	C:\Program Files\Android\Android Studio\jbr\bin\java.exe
0x00007ff964a40000 - 0x00007ff964c49000 	C:\WINDOWS\SYSTEM32\ntdll.dll
0x00007ff963080000 - 0x00007ff96313e000 	C:\WINDOWS\System32\KERNEL32.DLL
0x00007ff962360000 - 0x00007ff9626e4000 	C:\WINDOWS\System32\KERNELBASE.dll
0x00007ff9598b0000 - 0x00007ff959942000 	C:\WINDOWS\SYSTEM32\apphelp.dll
0x00007ff961fe0000 - 0x00007ff9620f1000 	C:\WINDOWS\System32\ucrtbase.dll
0x00007ff93a850000 - 0x00007ff93a867000 	C:\Program Files\Android\Android Studio\jbr\bin\jli.dll
0x00007ff93a570000 - 0x00007ff93a58b000 	C:\Program Files\Android\Android Studio\jbr\bin\VCRUNTIME140.dll
0x00007ff9631e0000 - 0x00007ff96338d000 	C:\WINDOWS\System32\USER32.dll
0x00007ff961fb0000 - 0x00007ff961fd6000 	C:\WINDOWS\System32\win32u.dll
0x00007ff963910000 - 0x00007ff96393a000 	C:\WINDOWS\System32\GDI32.dll
0x00007ff9459b0000 - 0x00007ff945c55000 	C:\WINDOWS\WinSxS\amd64_microsoft.windows.common-controls_6595b64144ccf1df_6.0.22000.120_none_9d947278b86cc467\COMCTL32.dll
0x00007ff9626f0000 - 0x00007ff96280f000 	C:\WINDOWS\System32\gdi32full.dll
0x00007ff964100000 - 0x00007ff9641a3000 	C:\WINDOWS\System32\msvcrt.dll
0x00007ff962810000 - 0x00007ff9628ad000 	C:\WINDOWS\System32\msvcp_win.dll
0x00007ff963580000 - 0x00007ff9635b1000 	C:\WINDOWS\System32\IMM32.DLL
0x00007ff940e10000 - 0x00007ff940e1c000 	C:\Program Files\Android\Android Studio\jbr\bin\vcruntime140_1.dll
0x00007ff91f7a0000 - 0x00007ff91f82d000 	C:\Program Files\Android\Android Studio\jbr\bin\msvcp140.dll
0x00007ff91f970000 - 0x00007ff9205dd000 	C:\Program Files\Android\Android Studio\jbr\bin\server\jvm.dll
0x00007ff963860000 - 0x00007ff96390f000 	C:\WINDOWS\System32\ADVAPI32.dll
0x00007ff963140000 - 0x00007ff9631de000 	C:\WINDOWS\System32\sechost.dll
0x00007ff9639b0000 - 0x00007ff963ad1000 	C:\WINDOWS\System32\RPCRT4.dll
0x00007ff945ca0000 - 0x00007ff945ca9000 	C:\WINDOWS\SYSTEM32\WSOCK32.dll
0x00007ff963770000 - 0x00007ff9637df000 	C:\WINDOWS\System32\WS2_32.dll
0x00007ff959e30000 - 0x00007ff959e3a000 	C:\WINDOWS\SYSTEM32\VERSION.dll
0x00007ff95d1d0000 - 0x00007ff95d203000 	C:\WINDOWS\SYSTEM32\WINMM.dll
0x00007ff960f30000 - 0x00007ff960f48000 	C:\WINDOWS\SYSTEM32\kernel.appcore.dll
0x00007ff95cf80000 - 0x00007ff95cf8a000 	C:\Program Files\Android\Android Studio\jbr\bin\jimage.dll
0x00007ff95f990000 - 0x00007ff95fbb1000 	C:\WINDOWS\SYSTEM32\DBGHELP.DLL
0x00007ff94a6f0000 - 0x00007ff94a721000 	C:\WINDOWS\SYSTEM32\dbgcore.DLL
0x00007ff962100000 - 0x00007ff96217f000 	C:\WINDOWS\System32\bcryptPrimitives.dll
0x00007ff958880000 - 0x00007ff9588a5000 	C:\Program Files\Android\Android Studio\jbr\bin\java.dll
0x00007ff9587c0000 - 0x00007ff9587d8000 	C:\Program Files\Android\Android Studio\jbr\bin\zip.dll
0x00007ff9628b0000 - 0x00007ff963075000 	C:\WINDOWS\System32\SHELL32.dll
0x00007ff95ff90000 - 0x00007ff9607f4000 	C:\WINDOWS\SYSTEM32\windows.storage.dll
0x00007ff963d80000 - 0x00007ff9640f6000 	C:\WINDOWS\System32\combase.dll
0x00007ff95fe20000 - 0x00007ff95ff87000 	C:\WINDOWS\SYSTEM32\wintypes.dll
0x00007ff963c60000 - 0x00007ff963d4a000 	C:\WINDOWS\System32\SHCORE.dll
0x00007ff963c00000 - 0x00007ff963c5d000 	C:\WINDOWS\System32\shlwapi.dll
0x00007ff961e20000 - 0x00007ff961e41000 	C:\WINDOWS\SYSTEM32\profapi.dll
0x00007ff9587a0000 - 0x00007ff9587b9000 	C:\Program Files\Android\Android Studio\jbr\bin\net.dll
0x00007ff95df30000 - 0x00007ff95e043000 	C:\WINDOWS\SYSTEM32\WINHTTP.dll
0x00007ff9613c0000 - 0x00007ff961427000 	C:\WINDOWS\system32\mswsock.dll
0x00007ff94b240000 - 0x00007ff94b256000 	C:\Program Files\Android\Android Studio\jbr\bin\nio.dll
0x00007ff95dce0000 - 0x00007ff95dcf0000 	C:\Program Files\Android\Android Studio\jbr\bin\verify.dll

dbghelp: loaded successfully - version: 4.0.5 - missing functions: none
symbol engine: initialized successfully - sym options: 0x614 - pdb path: .;C:\Program Files\Android\Android Studio\jbr\bin;C:\WINDOWS\SYSTEM32;C:\WINDOWS\WinSxS\amd64_microsoft.windows.common-controls_6595b64144ccf1df_6.0.22000.120_none_9d947278b86cc467;C:\Program Files\Android\Android Studio\jbr\bin\server

VM Arguments:
java_command: org.jetbrains.kotlin.cli.jvm.K2JVMCompiler @E:\Android Project\Praktek\Login\app\build\20240313_17949916081949994773.compiler.options
java_class_path (initial): C:\Users\IMANUEL SEPTIA PUTRA\.gradle\caches\modules-2\files-2.1\org.jetbrains.kotlin\kotlin-compiler-embeddable\1.7.10\909803167c98606fcf22b4c848647c68e351d48d\kotlin-compiler-embeddable-1.7.10.jar;C:\Users\IMANUEL SEPTIA PUTRA\.gradle\caches\modules-2\files-2.1\org.jetbrains.kotlin\kotlin-reflect\1.7.10\165e600dfea6185cf5efa700756294cc4904dbeb\kotlin-reflect-1.7.10.jar;C:\Users\IMANUEL SEPTIA PUTRA\.gradle\caches\modules-2\files-2.1\org.jetbrains.kotlin\kotlin-stdlib\1.7.10\d2abf9e77736acc4450dc4a3f707fa2c10f5099d\kotlin-stdlib-1.7.10.jar;C:\Users\IMANUEL SEPTIA PUTRA\.gradle\caches\modules-2\files-2.1\org.jetbrains.kotlin\kotlin-script-runtime\1.7.10\c99c87a6988d8fd8d5142e9ed5c9f34a7cf561ee\kotlin-script-runtime-1.7.10.jar;C:\Users\IMANUEL SEPTIA PUTRA\.gradle\caches\modules-2\files-2.1\org.jetbrains.kotlin\kotlin-daemon-embeddable\1.7.10\3a9f7aef7080d3ae63126cbba4f827ed664f32fa\kotlin-daemon-embeddable-1.7.10.jar;C:\Users\IMANUEL SEPTIA PUTRA\.gradle\caches\modules-2\files-2.1\org.jetbrains.intellij.deps\trove4j\1.0.20200330\3afb14d5f9ceb459d724e907a21145e8ff394f02\trove4j-1.0.20200330.jar;C:\Users\IMANUEL SEPTIA PUTRA\.gradle\caches\modules-2\files-2.1\net.java.dev.jna\jna\5.6.0\330f2244e9030119ab3030fc3fededc86713d9cc\jna-5.6.0.jar;C:\Users\IMANUEL SEPTIA PUTRA\.gradle\caches\modules-2\files-2.1\org.jetbrains.kotlin\kotlin-stdlib-common\1.7.10\bac80c520d0a9e3f3673bc2658c6ed02ef45a76a\kotlin-stdlib-common-1.7.10.jar;C:\Users\IMANUEL SEPTIA PUTRA\.gradle\caches\modules-2\files-2.1\org.jetbrains\annotations\13.0\919f0dfe192fb4e063e7dacadee7f8bb9a2672a9\annotations-13.0.jar
Launcher Type: SUN_STANDARD

[Global flags]
     intx CICompilerCount                          = 4                                         {product} {ergonomic}
     uint ConcGCThreads                            = 2                                         {product} {ergonomic}
     uint G1ConcRefinementThreads                  = 8                                         {product} {ergonomic}
   size_t G1HeapRegionSize                         = 1048576                                   {product} {ergonomic}
    uintx GCDrainStackTargetSize                   = 64                                        {product} {ergonomic}
   size_t InitialHeapSize                          = 65011712                                  {product} {ergonomic}
   size_t MarkStackSize                            = 4194304                                   {product} {ergonomic}
   size_t MaxHeapSize                              = 1017118720                                {product} {ergonomic}
   size_t MaxNewSize                               = 610271232                                 {product} {ergonomic}
   size_t MinHeapDeltaBytes                        = 1048576                                   {product} {ergonomic}
   size_t MinHeapSize                              = 8388608                                   {product} {ergonomic}
    uintx NonNMethodCodeHeapSize                   = 5839372                                {pd product} {ergonomic}
    uintx NonProfiledCodeHeapSize                  = 122909434                              {pd product} {ergonomic}
    uintx ProfiledCodeHeapSize                     = 122909434                              {pd product} {ergonomic}
    uintx ReservedCodeCacheSize                    = 251658240                              {pd product} {ergonomic}
     bool SegmentedCodeCache                       = true                                      {product} {ergonomic}
   size_t SoftMaxHeapSize                          = 1017118720                             {manageable} {ergonomic}
     bool UseCompressedClassPointers               = true                           {product lp64_product} {ergonomic}
     bool UseCompressedOops                        = true                           {product lp64_product} {ergonomic}
     bool UseG1GC                                  = true                                      {product} {ergonomic}
     bool UseLargePagesIndividualAllocation        = false                                  {pd product} {ergonomic}

Logging:
Log output configuration:
 #0: stdout all=warning uptime,level,tags
 #1: stderr all=off uptime,level,tags

Environment Variables:
JAVA_HOME=C:\Program Files\Java\jdk-21
PATH=C:\Program Files\Common Files\Oracle\Java\javapath;C:\Program Files (x86)\Common Files\Oracle\Java\javapath;C:\Program Files (x86)\NVIDIA Corporation\PhysX\Common;C:\ProgramData\Oracle\Java\javapath;C:\WINDOWS\system32;C:\WINDOWS;C:\WINDOWS\System32\Wbem;C:\WINDOWS\System32\WindowsPowerShell\v1.0\;C:\WINDOWS\System32\OpenSSH\;C:\FPC\3.2.2\bin\i386-Win32;C:\Program Files\Microsoft VS Code\bin;C:\Program Files\nodejs\;C:\Users\IMANUEL SEPTIA PUTRA\AppData\Local\Microsoft\WindowsApps;C:\AppServ\Apache24\bin;C:\AppServ\php7;C:\AppServ\MySQL\bin;C:\Users\IMANUEL SEPTIA PUTRA\AppData\Roaming\npm;C:\Program Files\Java\jdk-21\bin
USERNAME=Imanuel S.P Lefta
OS=Windows_NT
PROCESSOR_IDENTIFIER=Intel64 Family 6 Model 140 Stepping 1, GenuineIntel
TMP=C:\Users\IMANUE~1\AppData\Local\Temp
TEMP=C:\Users\IMANUE~1\AppData\Local\Temp



---------------  S Y S T E M  ---------------

OS:
 Windows 11 , 64 bit Build 22000 (10.0.22000.1880)
OS uptime: 0 days 4:59 hours
Hyper-V role detected

CPU: total 8 (initial active 8) (4 cores per cpu, 2 threads per core) family 6 model 140 stepping 1 microcode 0x8a, cx8, cmov, fxsr, ht, mmx, 3dnowpref, sse, sse2, sse3, ssse3, sse4.1, sse4.2, popcnt, lzcnt, tsc, tscinvbit, avx, avx2, aes, erms, clmul, bmi1, bmi2, adx, avx512f, avx512dq, avx512cd, avx512bw, avx512vl, sha, fma, vzeroupper, avx512_vpopcntdq, avx512_vpclmulqdq, avx512_vaes, avx512_vnni, clflush, clflushopt, clwb, avx512_vbmi2, avx512_vbmi, hv

Memory: 4k page, system-wide physical 3875M (72M free)
TotalPageFile size 8775M (AvailPageFile size 50M)
current process WorkingSet (physical memory assigned to process): 172M, peak: 190M
current process commit charge ("private bytes"): 209M, peak: 257M

vm_info: OpenJDK 64-Bit Server VM (17.0.6+0-b2043.56-9586694) for windows-amd64 JRE (17.0.6+0-b2043.56-9586694), built on Feb  9 2023 20:06:20 by "androidbuild" with MS VC++ 16.10 / 16.11 (VS2019)

END.
