#
# There is insufficient memory for the Java Runtime Environment to continue.
# Native memory allocation (malloc) failed to allocate 1048576 bytes for AllocateHeap
# Possible reasons:
#   The system is out of physical RAM or swap space
#   The process is running with CompressedOops enabled, and the Java Heap may be blocking the growth of the native heap
# Possible solutions:
#   Reduce memory load on the system
#   Increase physical memory or swap space
#   Check if swap backing store is full
#   Decrease Java heap size (-Xmx/-Xms)
#   Decrease number of Java threads
#   Decrease Java thread stack sizes (-Xss)
#   Set larger code cache with -XX:ReservedCodeCacheSize=
#   JVM is running with Unscaled Compressed Oops mode in which the Java heap is
#     placed in the first 4GB address space. The Java Heap base address is the
#     maximum limit for the native heap growth. Please use -XX:HeapBaseMinAddress
#     to set the Java Heap base and to place the Java Heap above 4GB virtual address.
# This output file may be truncated or incomplete.
#
#  Out of Memory Error (allocation.cpp:44), pid=10832, tid=3164
#
# JRE version:  (17.0.6) (build )
# Java VM: OpenJDK 64-Bit Server VM (17.0.6+0-b2043.56-9586694, mixed mode, sharing, tiered, compressed oops, compressed class ptrs, g1 gc, windows-amd64)
# No core dump will be written. Minidumps are not enabled by default on client versions of Windows
#

---------------  S U M M A R Y ------------

Command Line: org.jetbrains.kotlin.cli.jvm.K2JVMCompiler @E:\Android Project\Praktek\Login\app\build\20240313_7518531849056726411.compiler.options

Host: 11th Gen Intel(R) Core(TM) i5-1135G7 @ 2.40GHz, 8 cores, 3G,  Windows 11 , 64 bit Build 22000 (10.0.22000.1880)
Time: Wed Mar 13 02:25:07 2024 Tokyo Standard Time elapsed time: 0.271343 seconds (0d 0h 0m 0s)

---------------  T H R E A D  ---------------

Current thread (0x00000263cf0a8aa0):  JavaThread "Unknown thread" [_thread_in_vm, id=3164, stack(0x0000008db9100000,0x0000008db9200000)]

Stack: [0x0000008db9100000,0x0000008db9200000]
Native frames: (J=compiled Java code, j=interpreted, Vv=VM code, C=native code)
V  [jvm.dll+0x683b4a]
V  [jvm.dll+0x842654]
V  [jvm.dll+0x843dfe]
V  [jvm.dll+0x844463]
V  [jvm.dll+0x249b75]
V  [jvm.dll+0xa641f]
V  [jvm.dll+0x2e8e27]
V  [jvm.dll+0x2e0b3b]
V  [jvm.dll+0x813f41]
V  [jvm.dll+0x36e6a1]
V  [jvm.dll+0x7f347c]
V  [jvm.dll+0x3f0e8f]
V  [jvm.dll+0x3f29d1]
C  [jli.dll+0x526b]
C  [ucrtbase.dll+0x26c0c]
C  [KERNEL32.DLL+0x155a0]
C  [ntdll.dll+0x485b]


---------------  P R O C E S S  ---------------

Threads class SMR info:
_java_thread_list=0x00007ff9204ac058, length=0, elements={
}

Java Threads: ( => current thread )

Other Threads:
  0x00000263cf0e6040 GCTaskThread "GC Thread#0" [stack: 0x0000008db9200000,0x0000008db9300000] [id=12084]

[error occurred during error reporting (printing all threads), id 0xc0000005, EXCEPTION_ACCESS_VIOLATION (0xc0000005) at pc=0x00007ff91fc5dd70]

VM state: not at safepoint (not fully initialized)

VM Mutex/Monitor currently owned by a thread:  ([mutex/lock_event])
[0x00000263cf0a59d0] Heap_lock - owner thread: 0x00000263cf0a8aa0

Heap address: 0x00000000c3600000, size: 970 MB, Compressed Oops mode: 32-bit

CDS archive(s) mapped at: [0x0000000000000000-0x0000000000000000-0x0000000000000000), size 0, SharedBaseAddress: 0x0000000800000000, ArchiveRelocationMode: 0.
Narrow klass base: 0x0000000000000000, Narrow klass shift: 0, Narrow klass range: 0x0

GC Precious Log:
<Empty>

Heap:
 garbage-first heap   total 0K, used 0K [0x00000000c3600000, 0x0000000100000000)
  region size 1024K, 0 young (0K), 0 survivors (0K)

[error occurred during error reporting (printing heap information), id 0xc0000005, EXCEPTION_ACCESS_VIOLATION (0xc0000005) at pc=0x00007ff92004d939]

GC Heap History (0 events):
No events

Dll operation events (1 events):
Event: 0.042 Loaded shared library C:\Program Files\Android\Android Studio\jbr\bin\java.dll

Deoptimization events (0 events):
No events

Classes unloaded (0 events):
No events

Classes redefined (0 events):
No events

Internal exceptions (0 events):
No events

VM Operations (0 events):
No events

Events (0 events):
No events


Dynamic libraries:
0x00007ff7fb850000 - 0x00007ff7fb85a000 	C:\Program Files\Android\Android Studio\jbr\bin\java.exe
0x00007ff964a40000 - 0x00007ff964c49000 	C:\WINDOWS\SYSTEM32\ntdll.dll
0x00007ff963080000 - 0x00007ff96313e000 	C:\WINDOWS\System32\KERNEL32.DLL
0x00007ff962360000 - 0x00007ff9626e4000 	C:\WINDOWS\System32\KERNELBASE.dll
0x00007ff9598b0000 - 0x00007ff959942000 	C:\WINDOWS\SYSTEM32\apphelp.dll
0x00007ff961fe0000 - 0x00007ff9620f1000 	C:\WINDOWS\System32\ucrtbase.dll
0x00007ff93a850000 - 0x00007ff93a867000 	C:\Program Files\Android\Android Studio\jbr\bin\jli.dll
0x00007ff93a570000 - 0x00007ff93a58b000 	C:\Program Files\Android\Android Studio\jbr\bin\VCRUNTIME140.dll
0x00007ff9631e0000 - 0x00007ff96338d000 	C:\WINDOWS\System32\USER32.dll
0x00007ff961fb0000 - 0x00007ff961fd6000 	C:\WINDOWS\System32\win32u.dll
0x00007ff963910000 - 0x00007ff96393a000 	C:\WINDOWS\System32\GDI32.dll
0x00007ff9459b0000 - 0x00007ff945c55000 	C:\WINDOWS\WinSxS\amd64_microsoft.windows.common-controls_6595b64144ccf1df_6.0.22000.120_none_9d947278b86cc467\COMCTL32.dll
0x00007ff9626f0000 - 0x00007ff96280f000 	C:\WINDOWS\System32\gdi32full.dll
0x00007ff964100000 - 0x00007ff9641a3000 	C:\WINDOWS\System32\msvcrt.dll
0x00007ff962810000 - 0x00007ff9628ad000 	C:\WINDOWS\System32\msvcp_win.dll
0x00007ff963580000 - 0x00007ff9635b1000 	C:\WINDOWS\System32\IMM32.DLL
0x00007ff940e10000 - 0x00007ff940e1c000 	C:\Program Files\Android\Android Studio\jbr\bin\vcruntime140_1.dll
0x00007ff91f7a0000 - 0x00007ff91f82d000 	C:\Program Files\Android\Android Studio\jbr\bin\msvcp140.dll
0x00007ff91f970000 - 0x00007ff9205dd000 	C:\Program Files\Android\Android Studio\jbr\bin\server\jvm.dll
0x00007ff963860000 - 0x00007ff96390f000 	C:\WINDOWS\System32\ADVAPI32.dll
0x00007ff963140000 - 0x00007ff9631de000 	C:\WINDOWS\System32\sechost.dll
0x00007ff9639b0000 - 0x00007ff963ad1000 	C:\WINDOWS\System32\RPCRT4.dll
0x00007ff945ca0000 - 0x00007ff945ca9000 	C:\WINDOWS\SYSTEM32\WSOCK32.dll
0x00007ff963770000 - 0x00007ff9637df000 	C:\WINDOWS\System32\WS2_32.dll
0x00007ff95d1d0000 - 0x00007ff95d203000 	C:\WINDOWS\SYSTEM32\WINMM.dll
0x00007ff959e30000 - 0x00007ff959e3a000 	C:\WINDOWS\SYSTEM32\VERSION.dll
0x00007ff960f30000 - 0x00007ff960f48000 	C:\WINDOWS\SYSTEM32\kernel.appcore.dll
0x00007ff95cf80000 - 0x00007ff95cf8a000 	C:\Program Files\Android\Android Studio\jbr\bin\jimage.dll
0x00007ff95f990000 - 0x00007ff95fbb1000 	C:\WINDOWS\SYSTEM32\DBGHELP.DLL
0x00007ff94a6f0000 - 0x00007ff94a721000 	C:\WINDOWS\SYSTEM32\dbgcore.DLL
0x00007ff962100000 - 0x00007ff96217f000 	C:\WINDOWS\System32\bcryptPrimitives.dll
0x00007ff958880000 - 0x00007ff9588a5000 	C:\Program Files\Android\Android Studio\jbr\bin\java.dll

dbghelp: loaded successfully - version: 4.0.5 - missing functions: none
symbol engine: initialized successfully - sym options: 0x614 - pdb path: .;C:\Program Files\Android\Android Studio\jbr\bin;C:\WINDOWS\SYSTEM32;C:\WINDOWS\WinSxS\amd64_microsoft.windows.common-controls_6595b64144ccf1df_6.0.22000.120_none_9d947278b86cc467;C:\Program Files\Android\Android Studio\jbr\bin\server

VM Arguments:
java_command: org.jetbrains.kotlin.cli.jvm.K2JVMCompiler @E:\Android Project\Praktek\Login\app\build\20240313_7518531849056726411.compiler.options
java_class_path (initial): C:\Users\IMANUEL SEPTIA PUTRA\.gradle\caches\modules-2\files-2.1\org.jetbrains.kotlin\kotlin-compiler-embeddable\1.7.10\909803167c98606fcf22b4c848647c68e351d48d\kotlin-compiler-embeddable-1.7.10.jar;C:\Users\IMANUEL SEPTIA PUTRA\.gradle\caches\modules-2\files-2.1\org.jetbrains.kotlin\kotlin-reflect\1.7.10\165e600dfea6185cf5efa700756294cc4904dbeb\kotlin-reflect-1.7.10.jar;C:\Users\IMANUEL SEPTIA PUTRA\.gradle\caches\modules-2\files-2.1\org.jetbrains.kotlin\kotlin-stdlib\1.7.10\d2abf9e77736acc4450dc4a3f707fa2c10f5099d\kotlin-stdlib-1.7.10.jar;C:\Users\IMANUEL SEPTIA PUTRA\.gradle\caches\modules-2\files-2.1\org.jetbrains.kotlin\kotlin-script-runtime\1.7.10\c99c87a6988d8fd8d5142e9ed5c9f34a7cf561ee\kotlin-script-runtime-1.7.10.jar;C:\Users\IMANUEL SEPTIA PUTRA\.gradle\caches\modules-2\files-2.1\org.jetbrains.kotlin\kotlin-daemon-embeddable\1.7.10\3a9f7aef7080d3ae63126cbba4f827ed664f32fa\kotlin-daemon-embeddable-1.7.10.jar;C:\Users\IMANUEL SEPTIA PUTRA\.gradle\caches\modules-2\files-2.1\org.jetbrains.intellij.deps\trove4j\1.0.20200330\3afb14d5f9ceb459d724e907a21145e8ff394f02\trove4j-1.0.20200330.jar;C:\Users\IMANUEL SEPTIA PUTRA\.gradle\caches\modules-2\files-2.1\net.java.dev.jna\jna\5.6.0\330f2244e9030119ab3030fc3fededc86713d9cc\jna-5.6.0.jar;C:\Users\IMANUEL SEPTIA PUTRA\.gradle\caches\modules-2\files-2.1\org.jetbrains.kotlin\kotlin-stdlib-common\1.7.10\bac80c520d0a9e3f3673bc2658c6ed02ef45a76a\kotlin-stdlib-common-1.7.10.jar;C:\Users\IMANUEL SEPTIA PUTRA\.gradle\caches\modules-2\files-2.1\org.jetbrains\annotations\13.0\919f0dfe192fb4e063e7dacadee7f8bb9a2672a9\annotations-13.0.jar
Launcher Type: SUN_STANDARD

[Global flags]
     intx CICompilerCount                          = 4                                         {product} {ergonomic}
     uint ConcGCThreads                            = 2                                         {product} {ergonomic}
     uint G1ConcRefinementThreads                  = 8                                         {product} {ergonomic}
   size_t G1HeapRegionSize                         = 1048576                                   {product} {ergonomic}
    uintx GCDrainStackTargetSize                   = 64                                        {product} {ergonomic}
   size_t InitialHeapSize                          = 65011712                                  {product} {ergonomic}
   size_t MarkStackSize                            = 4194304                                   {product} {ergonomic}
   size_t MaxHeapSize                              = 1017118720                                {product} {ergonomic}
   size_t MinHeapDeltaBytes                        = 1048576                                   {product} {ergonomic}
   size_t MinHeapSize                              = 8388608                                   {product} {ergonomic}
    uintx NonNMethodCodeHeapSize                   = 5839372                                {pd product} {ergonomic}
    uintx NonProfiledCodeHeapSize                  = 122909434                              {pd product} {ergonomic}
    uintx ProfiledCodeHeapSize                     = 122909434                              {pd product} {ergonomic}
    uintx ReservedCodeCacheSize                    = 251658240                              {pd product} {ergonomic}
     bool SegmentedCodeCache                       = true                                      {product} {ergonomic}
   size_t SoftMaxHeapSize                          = 1017118720                             {manageable} {ergonomic}
     bool UseCompressedClassPointers               = true                           {product lp64_product} {ergonomic}
     bool UseCompressedOops                        = true                           {product lp64_product} {ergonomic}
     bool UseG1GC                                  = true                                      {product} {ergonomic}
     bool UseLargePagesIndividualAllocation        = false                                  {pd product} {ergonomic}

Logging:
Log output configuration:
 #0: stdout all=warning uptime,level,tags
 #1: stderr all=off uptime,level,tags

Environment Variables:
JAVA_HOME=C:\Program Files\Java\jdk-21
PATH=C:\Program Files\Common Files\Oracle\Java\javapath;C:\Program Files (x86)\Common Files\Oracle\Java\javapath;C:\Program Files (x86)\NVIDIA Corporation\PhysX\Common;C:\ProgramData\Oracle\Java\javapath;C:\WINDOWS\system32;C:\WINDOWS;C:\WINDOWS\System32\Wbem;C:\WINDOWS\System32\WindowsPowerShell\v1.0\;C:\WINDOWS\System32\OpenSSH\;C:\FPC\3.2.2\bin\i386-Win32;C:\Program Files\Microsoft VS Code\bin;C:\Program Files\nodejs\;C:\Users\IMANUEL SEPTIA PUTRA\AppData\Local\Microsoft\WindowsApps;C:\AppServ\Apache24\bin;C:\AppServ\php7;C:\AppServ\MySQL\bin;C:\Users\IMANUEL SEPTIA PUTRA\AppData\Roaming\npm;C:\Program Files\Java\jdk-21\bin
USERNAME=Imanuel S.P Lefta
OS=Windows_NT
PROCESSOR_IDENTIFIER=Intel64 Family 6 Model 140 Stepping 1, GenuineIntel
TMP=C:\Users\IMANUE~1\AppData\Local\Temp
TEMP=C:\Users\IMANUE~1\AppData\Local\Temp



---------------  S Y S T E M  ---------------

OS:
 Windows 11 , 64 bit Build 22000 (10.0.22000.1880)
OS uptime: 0 days 3:15 hours
Hyper-V role detected

CPU: total 8 (initial active 8) (4 cores per cpu, 2 threads per core) family 6 model 140 stepping 1 microcode 0x8a, cx8, cmov, fxsr, ht, mmx, 3dnowpref, sse, sse2, sse3, ssse3, sse4.1, sse4.2, popcnt, lzcnt, tsc, tscinvbit, avx, avx2, aes, erms, clmul, bmi1, bmi2, adx, avx512f, avx512dq, avx512cd, avx512bw, avx512vl, sha, fma, vzeroupper, avx512_vpopcntdq, avx512_vpclmulqdq, avx512_vaes, avx512_vnni, clflush, clflushopt, clwb, avx512_vbmi2, avx512_vbmi, hv

Memory: 4k page, system-wide physical 3875M (52M free)
TotalPageFile size 8775M (AvailPageFile size 2M)
current process WorkingSet (physical memory assigned to process): 11M, peak: 11M
current process commit charge ("private bytes"): 56M, peak: 57M

vm_info: OpenJDK 64-Bit Server VM (17.0.6+0-b2043.56-9586694) for windows-amd64 JRE (17.0.6+0-b2043.56-9586694), built on Feb  9 2023 20:06:20 by "androidbuild" with MS VC++ 16.10 / 16.11 (VS2019)

END.
